CRITICAL - 2025-04-25 06:36:12 --> Error: Call to undefined function App\Controllers\Auth\check_hotelbeds_status()
[Method: GET, Route: hotelBedsApi]
in APPPATH\Controllers\Auth\AuthController.php on line 33.
 1 SYSTEMPATH\CodeIgniter.php(933): App\Controllers\Auth\AuthController->hotelBedsApi()
 2 SYSTEMPATH\CodeIgniter.php(507): CodeIgniter\CodeIgniter->runController(Object(App\Controllers\Auth\AuthController))
 3 SYSTEMPATH\CodeIgniter.php(354): CodeIgniter\CodeIgniter->handleRequest(null, Object(Config\Cache), false)
 4 SYSTEMPATH\Boot.php(334): CodeIgniter\CodeIgniter->run()
 5 SYSTEMPATH\Boot.php(67): CodeIgniter\Boot::runCodeIgniter(Object(CodeIgniter\CodeIgniter))
 6 FCPATH\index.php(56): CodeIgniter\Boot::bootWeb(Object(Config\Paths))
 7 SYSTEMPATH\rewrite.php(44): require_once('C:\\xampp\\htdocs\\hotel\\ci4-hotel-bed\\bookingEngine\\public\\index.php')
CRITICAL - 2025-04-25 07:15:38 --> ParseError: syntax error, unexpected token "public", expecting "]"
[Method: GET, Route: hotelBedsApi]
in APPPATH\Controllers\Auth\AuthController.php on line 142.
 1 SYSTEMPATH\Autoloader\Autoloader.php(295): CodeIgniter\Autoloader\Autoloader->includeFile('C:\\xampp\\htdocs\\hotel\\ci4-hotel-bed\\bookingEngine\\app\\Controllers\\Auth\\AuthController.php')
 2 SYSTEMPATH\Autoloader\Autoloader.php(271): CodeIgniter\Autoloader\Autoloader->loadInNamespace('App\\Controllers\\Auth\\AuthController')
 3 [internal function]: CodeIgniter\Autoloader\Autoloader->loadClass('App\\Controllers\\Auth\\AuthController')
 4 SYSTEMPATH\CodeIgniter.php(885): class_exists('\\App\\Controllers\\Auth\\AuthController', true)
 5 SYSTEMPATH\CodeIgniter.php(494): CodeIgniter\CodeIgniter->startController()
 6 SYSTEMPATH\CodeIgniter.php(354): CodeIgniter\CodeIgniter->handleRequest(null, Object(Config\Cache), false)
 7 SYSTEMPATH\Boot.php(334): CodeIgniter\CodeIgniter->run()
 8 SYSTEMPATH\Boot.php(67): CodeIgniter\Boot::runCodeIgniter(Object(CodeIgniter\CodeIgniter))
 9 FCPATH\index.php(56): CodeIgniter\Boot::bootWeb(Object(Config\Paths))
10 SYSTEMPATH\rewrite.php(44): require_once('C:\\xampp\\htdocs\\hotel\\ci4-hotel-bed\\bookingEngine\\public\\index.php')
CRITICAL - 2025-04-25 07:21:14 --> ParseError: syntax error, unexpected token ";", expecting "]"
[Method: GET, Route: hotelBedsApi]
in APPPATH\Controllers\Auth\AuthController.php on line 102.
 1 SYSTEMPATH\Autoloader\Autoloader.php(295): CodeIgniter\Autoloader\Autoloader->includeFile('C:\\xampp\\htdocs\\hotel\\ci4-hotel-bed\\bookingEngine\\app\\Controllers\\Auth\\AuthController.php')
 2 SYSTEMPATH\Autoloader\Autoloader.php(271): CodeIgniter\Autoloader\Autoloader->loadInNamespace('App\\Controllers\\Auth\\AuthController')
 3 [internal function]: CodeIgniter\Autoloader\Autoloader->loadClass('App\\Controllers\\Auth\\AuthController')
 4 SYSTEMPATH\CodeIgniter.php(885): class_exists('\\App\\Controllers\\Auth\\AuthController', true)
 5 SYSTEMPATH\CodeIgniter.php(494): CodeIgniter\CodeIgniter->startController()
 6 SYSTEMPATH\CodeIgniter.php(354): CodeIgniter\CodeIgniter->handleRequest(null, Object(Config\Cache), false)
 7 SYSTEMPATH\Boot.php(334): CodeIgniter\CodeIgniter->run()
 8 SYSTEMPATH\Boot.php(67): CodeIgniter\Boot::runCodeIgniter(Object(CodeIgniter\CodeIgniter))
 9 FCPATH\index.php(56): CodeIgniter\Boot::bootWeb(Object(Config\Paths))
10 SYSTEMPATH\rewrite.php(44): require_once('C:\\xampp\\htdocs\\hotel\\ci4-hotel-bed\\bookingEngine\\public\\index.php')
CRITICAL - 2025-04-25 08:07:34 --> CodeIgniter\Database\Exceptions\DataException: Allowed fields must be specified for model: "App\Models\HotelModel"
[Method: GET, Route: hotelBedsApi]
in SYSTEMPATH\Model.php on line 822.
 1 SYSTEMPATH\Model.php(822): CodeIgniter\Database\Exceptions\DataException::forInvalidAllowedFields('App\\Models\\HotelModel')
 2 SYSTEMPATH\BaseModel.php(820): CodeIgniter\Model->doProtectFieldsForInsert([...])
 3 SYSTEMPATH\Model.php(800): CodeIgniter\BaseModel->insert([...], true)
 4 APPPATH\Controllers\Auth\AuthController.php(62): CodeIgniter\Model->insert([...])
 5 SYSTEMPATH\CodeIgniter.php(933): App\Controllers\Auth\AuthController->hotelBedsApi()
 6 SYSTEMPATH\CodeIgniter.php(507): CodeIgniter\CodeIgniter->runController(Object(App\Controllers\Auth\AuthController))
 7 SYSTEMPATH\CodeIgniter.php(354): CodeIgniter\CodeIgniter->handleRequest(null, Object(Config\Cache), false)
 8 SYSTEMPATH\Boot.php(334): CodeIgniter\CodeIgniter->run()
 9 SYSTEMPATH\Boot.php(67): CodeIgniter\Boot::runCodeIgniter(Object(CodeIgniter\CodeIgniter))
10 FCPATH\index.php(56): CodeIgniter\Boot::bootWeb(Object(Config\Paths))
11 SYSTEMPATH\rewrite.php(44): require_once('C:\\xampp\\htdocs\\hotel\\ci4-hotel-bed\\bookingEngine\\public\\index.php')
CRITICAL - 2025-04-25 11:06:54 --> Error: Call to undefined function App\Controllers\Auth\fetch_hotelbeds_hotels_by_geolocation()
[Method: POST, Route: hotel-api/1.0/hotels]
in APPPATH\Controllers\Auth\AuthController.php on line 154.
 1 SYSTEMPATH\CodeIgniter.php(933): App\Controllers\Auth\AuthController->searchNearbyHotels()
 2 SYSTEMPATH\CodeIgniter.php(507): CodeIgniter\CodeIgniter->runController(Object(App\Controllers\Auth\AuthController))
 3 SYSTEMPATH\CodeIgniter.php(354): CodeIgniter\CodeIgniter->handleRequest(null, Object(Config\Cache), false)
 4 SYSTEMPATH\Boot.php(334): CodeIgniter\CodeIgniter->run()
 5 SYSTEMPATH\Boot.php(67): CodeIgniter\Boot::runCodeIgniter(Object(CodeIgniter\CodeIgniter))
 6 FCPATH\index.php(56): CodeIgniter\Boot::bootWeb(Object(Config\Paths))
 7 SYSTEMPATH\rewrite.php(44): require_once('C:\\xampp\\htdocs\\hotel\\ci4-hotel-bed\\bookingEngine\\public\\index.php')
ERROR - 2025-04-25 12:18:58 --> mysqli_sql_exception: Duplicate entry '1' for key 'hotel_code' in C:\xampp\htdocs\hotel\ci4-hotel-bed\bookingEngine\system\Database\MySQLi\Connection.php:327
Stack trace:
#0 C:\xampp\htdocs\hotel\ci4-hotel-bed\bookingEngine\system\Database\MySQLi\Connection.php(327): mysqli->query('INSERT INTO `ho...', 0)
#1 C:\xampp\htdocs\hotel\ci4-hotel-bed\bookingEngine\system\Database\BaseConnection.php(738): CodeIgniter\Database\MySQLi\Connection->execute('INSERT INTO `ho...')
#2 C:\xampp\htdocs\hotel\ci4-hotel-bed\bookingEngine\system\Database\BaseConnection.php(652): CodeIgniter\Database\BaseConnection->simpleQuery('INSERT INTO `ho...')
#3 C:\xampp\htdocs\hotel\ci4-hotel-bed\bookingEngine\system\Database\BaseBuilder.php(2345): CodeIgniter\Database\BaseConnection->query('INSERT INTO `ho...', Array, false)
#4 C:\xampp\htdocs\hotel\ci4-hotel-bed\bookingEngine\system\Model.php(394): CodeIgniter\Database\BaseBuilder->insert()
#5 C:\xampp\htdocs\hotel\ci4-hotel-bed\bookingEngine\system\BaseModel.php(839): CodeIgniter\Model->doInsert(Array)
#6 C:\xampp\htdocs\hotel\ci4-hotel-bed\bookingEngine\system\Model.php(800): CodeIgniter\BaseModel->insert(Array, true)
#7 C:\xampp\htdocs\hotel\ci4-hotel-bed\bookingEngine\app\Controllers\Auth\AuthController.php(65): CodeIgniter\Model->insert(Array)
#8 C:\xampp\htdocs\hotel\ci4-hotel-bed\bookingEngine\system\CodeIgniter.php(933): App\Controllers\Auth\AuthController->hotelBedsApi()
#9 C:\xampp\htdocs\hotel\ci4-hotel-bed\bookingEngine\system\CodeIgniter.php(507): CodeIgniter\CodeIgniter->runController(Object(App\Controllers\Auth\AuthController))
#10 C:\xampp\htdocs\hotel\ci4-hotel-bed\bookingEngine\system\CodeIgniter.php(354): CodeIgniter\CodeIgniter->handleRequest(NULL, Object(Config\Cache), false)
#11 C:\xampp\htdocs\hotel\ci4-hotel-bed\bookingEngine\system\Boot.php(334): CodeIgniter\CodeIgniter->run()
#12 C:\xampp\htdocs\hotel\ci4-hotel-bed\bookingEngine\system\Boot.php(67): CodeIgniter\Boot::runCodeIgniter(Object(CodeIgniter\CodeIgniter))
#13 C:\xampp\htdocs\hotel\ci4-hotel-bed\bookingEngine\public\index.php(56): CodeIgniter\Boot::bootWeb(Object(Config\Paths))
#14 C:\xampp\htdocs\hotel\ci4-hotel-bed\bookingEngine\system\rewrite.php(44): require_once('C:\\xampp\\htdocs...')
#15 {main}
CRITICAL - 2025-04-25 12:18:58 --> CodeIgniter\Database\Exceptions\DatabaseException: Duplicate entry '1' for key 'hotel_code'
[Method: GET, Route: hotelBedsApi]
in SYSTEMPATH\Database\BaseConnection.php on line 692.
 1 SYSTEMPATH\Database\BaseBuilder.php(2345): CodeIgniter\Database\BaseConnection->query('INSERT INTO `hotels` (`hotel_code`, `name`, `country_code`, `destination_code`, `category`, `latitude`, `longitude`, `address`, `description`, `rating`) VALUES (:hotel_code:, :name:, :country_code:, :destination_code:, :category:, :latitude:, :longitude:, :address:, :description:, :rating:)', [...], false)
 2 SYSTEMPATH\Model.php(394): CodeIgniter\Database\BaseBuilder->insert()
 3 SYSTEMPATH\BaseModel.php(839): CodeIgniter\Model->doInsert([...])
 4 SYSTEMPATH\Model.php(800): CodeIgniter\BaseModel->insert([...], true)
 5 APPPATH\Controllers\Auth\AuthController.php(65): CodeIgniter\Model->insert([...])
 6 SYSTEMPATH\CodeIgniter.php(933): App\Controllers\Auth\AuthController->hotelBedsApi()
 7 SYSTEMPATH\CodeIgniter.php(507): CodeIgniter\CodeIgniter->runController(Object(App\Controllers\Auth\AuthController))
 8 SYSTEMPATH\CodeIgniter.php(354): CodeIgniter\CodeIgniter->handleRequest(null, Object(Config\Cache), false)
 9 SYSTEMPATH\Boot.php(334): CodeIgniter\CodeIgniter->run()
10 SYSTEMPATH\Boot.php(67): CodeIgniter\Boot::runCodeIgniter(Object(CodeIgniter\CodeIgniter))
11 FCPATH\index.php(56): CodeIgniter\Boot::bootWeb(Object(Config\Paths))
12 SYSTEMPATH\rewrite.php(44): require_once('C:\\xampp\\htdocs\\hotel\\ci4-hotel-bed\\bookingEngine\\public\\index.php')
CRITICAL - 2025-04-25 12:18:58 --> [Caused by] CodeIgniter\Database\Exceptions\DatabaseException: Duplicate entry '1' for key 'hotel_code'
in SYSTEMPATH\Database\MySQLi\Connection.php on line 332.
 1 SYSTEMPATH\Database\BaseConnection.php(738): CodeIgniter\Database\MySQLi\Connection->execute('INSERT INTO `hotels` (`hotel_code`, `name`, `country_code`, `destination_code`, `category`, `latitude`, `longitude`, `address`, `description`, `rating`) VALUES (1, \'Ohtels Villa Dorada\', \'ES\', \'SAL\', \'3EST\', 41.068407, 1.152529, \'Carrer Del Vendrell, 11\', \'This hotel is located about 150 metres from the fine sandy beach. The lively centre of Cambrils is approximately 10 km away and can be easily reached by the public bus services. There is a stop for public transport right in front of the hotel. The immediate vicinity offers a diverse range of shopping and entertainment facilities including boutiques, restaurants and bars. This hotel comprises a total of 260 rooms spread over 5 floors. Dining options include a café, a bar and an air-conditioned buffet restaurant with highchairs for infants. The tastefully decorated, cosy rooms come with a balcony and satellite TV.\', \'4*\')')
 2 SYSTEMPATH\Database\BaseConnection.php(652): CodeIgniter\Database\BaseConnection->simpleQuery('INSERT INTO `hotels` (`hotel_code`, `name`, `country_code`, `destination_code`, `category`, `latitude`, `longitude`, `address`, `description`, `rating`) VALUES (1, \'Ohtels Villa Dorada\', \'ES\', \'SAL\', \'3EST\', 41.068407, 1.152529, \'Carrer Del Vendrell, 11\', \'This hotel is located about 150 metres from the fine sandy beach. The lively centre of Cambrils is approximately 10 km away and can be easily reached by the public bus services. There is a stop for public transport right in front of the hotel. The immediate vicinity offers a diverse range of shopping and entertainment facilities including boutiques, restaurants and bars. This hotel comprises a total of 260 rooms spread over 5 floors. Dining options include a café, a bar and an air-conditioned buffet restaurant with highchairs for infants. The tastefully decorated, cosy rooms come with a balcony and satellite TV.\', \'4*\')')
 3 SYSTEMPATH\Database\BaseBuilder.php(2345): CodeIgniter\Database\BaseConnection->query('INSERT INTO `hotels` (`hotel_code`, `name`, `country_code`, `destination_code`, `category`, `latitude`, `longitude`, `address`, `description`, `rating`) VALUES (:hotel_code:, :name:, :country_code:, :destination_code:, :category:, :latitude:, :longitude:, :address:, :description:, :rating:)', [...], false)
 4 SYSTEMPATH\Model.php(394): CodeIgniter\Database\BaseBuilder->insert()
 5 SYSTEMPATH\BaseModel.php(839): CodeIgniter\Model->doInsert([...])
 6 SYSTEMPATH\Model.php(800): CodeIgniter\BaseModel->insert([...], true)
 7 APPPATH\Controllers\Auth\AuthController.php(65): CodeIgniter\Model->insert([...])
 8 SYSTEMPATH\CodeIgniter.php(933): App\Controllers\Auth\AuthController->hotelBedsApi()
 9 SYSTEMPATH\CodeIgniter.php(507): CodeIgniter\CodeIgniter->runController(Object(App\Controllers\Auth\AuthController))
10 SYSTEMPATH\CodeIgniter.php(354): CodeIgniter\CodeIgniter->handleRequest(null, Object(Config\Cache), false)
11 SYSTEMPATH\Boot.php(334): CodeIgniter\CodeIgniter->run()
12 SYSTEMPATH\Boot.php(67): CodeIgniter\Boot::runCodeIgniter(Object(CodeIgniter\CodeIgniter))
13 FCPATH\index.php(56): CodeIgniter\Boot::bootWeb(Object(Config\Paths))
14 SYSTEMPATH\rewrite.php(44): require_once('C:\\xampp\\htdocs\\hotel\\ci4-hotel-bed\\bookingEngine\\public\\index.php')
CRITICAL - 2025-04-25 12:18:58 --> [Caused by] mysqli_sql_exception: Duplicate entry '1' for key 'hotel_code'
in SYSTEMPATH\Database\MySQLi\Connection.php on line 327.
 1 SYSTEMPATH\Database\MySQLi\Connection.php(327): mysqli->query('INSERT INTO `hotels` (`hotel_code`, `name`, `country_code`, `destination_code`, `category`, `latitude`, `longitude`, `address`, `description`, `rating`) VALUES (1, \'Ohtels Villa Dorada\', \'ES\', \'SAL\', \'3EST\', 41.068407, 1.152529, \'Carrer Del Vendrell, 11\', \'This hotel is located about 150 metres from the fine sandy beach. The lively centre of Cambrils is approximately 10 km away and can be easily reached by the public bus services. There is a stop for public transport right in front of the hotel. The immediate vicinity offers a diverse range of shopping and entertainment facilities including boutiques, restaurants and bars. This hotel comprises a total of 260 rooms spread over 5 floors. Dining options include a café, a bar and an air-conditioned buffet restaurant with highchairs for infants. The tastefully decorated, cosy rooms come with a balcony and satellite TV.\', \'4*\')', 0)
 2 SYSTEMPATH\Database\BaseConnection.php(738): CodeIgniter\Database\MySQLi\Connection->execute('INSERT INTO `hotels` (`hotel_code`, `name`, `country_code`, `destination_code`, `category`, `latitude`, `longitude`, `address`, `description`, `rating`) VALUES (1, \'Ohtels Villa Dorada\', \'ES\', \'SAL\', \'3EST\', 41.068407, 1.152529, \'Carrer Del Vendrell, 11\', \'This hotel is located about 150 metres from the fine sandy beach. The lively centre of Cambrils is approximately 10 km away and can be easily reached by the public bus services. There is a stop for public transport right in front of the hotel. The immediate vicinity offers a diverse range of shopping and entertainment facilities including boutiques, restaurants and bars. This hotel comprises a total of 260 rooms spread over 5 floors. Dining options include a café, a bar and an air-conditioned buffet restaurant with highchairs for infants. The tastefully decorated, cosy rooms come with a balcony and satellite TV.\', \'4*\')')
 3 SYSTEMPATH\Database\BaseConnection.php(652): CodeIgniter\Database\BaseConnection->simpleQuery('INSERT INTO `hotels` (`hotel_code`, `name`, `country_code`, `destination_code`, `category`, `latitude`, `longitude`, `address`, `description`, `rating`) VALUES (1, \'Ohtels Villa Dorada\', \'ES\', \'SAL\', \'3EST\', 41.068407, 1.152529, \'Carrer Del Vendrell, 11\', \'This hotel is located about 150 metres from the fine sandy beach. The lively centre of Cambrils is approximately 10 km away and can be easily reached by the public bus services. There is a stop for public transport right in front of the hotel. The immediate vicinity offers a diverse range of shopping and entertainment facilities including boutiques, restaurants and bars. This hotel comprises a total of 260 rooms spread over 5 floors. Dining options include a café, a bar and an air-conditioned buffet restaurant with highchairs for infants. The tastefully decorated, cosy rooms come with a balcony and satellite TV.\', \'4*\')')
 4 SYSTEMPATH\Database\BaseBuilder.php(2345): CodeIgniter\Database\BaseConnection->query('INSERT INTO `hotels` (`hotel_code`, `name`, `country_code`, `destination_code`, `category`, `latitude`, `longitude`, `address`, `description`, `rating`) VALUES (:hotel_code:, :name:, :country_code:, :destination_code:, :category:, :latitude:, :longitude:, :address:, :description:, :rating:)', [...], false)
 5 SYSTEMPATH\Model.php(394): CodeIgniter\Database\BaseBuilder->insert()
 6 SYSTEMPATH\BaseModel.php(839): CodeIgniter\Model->doInsert([...])
 7 SYSTEMPATH\Model.php(800): CodeIgniter\BaseModel->insert([...], true)
 8 APPPATH\Controllers\Auth\AuthController.php(65): CodeIgniter\Model->insert([...])
 9 SYSTEMPATH\CodeIgniter.php(933): App\Controllers\Auth\AuthController->hotelBedsApi()
10 SYSTEMPATH\CodeIgniter.php(507): CodeIgniter\CodeIgniter->runController(Object(App\Controllers\Auth\AuthController))
11 SYSTEMPATH\CodeIgniter.php(354): CodeIgniter\CodeIgniter->handleRequest(null, Object(Config\Cache), false)
12 SYSTEMPATH\Boot.php(334): CodeIgniter\CodeIgniter->run()
13 SYSTEMPATH\Boot.php(67): CodeIgniter\Boot::runCodeIgniter(Object(CodeIgniter\CodeIgniter))
14 FCPATH\index.php(56): CodeIgniter\Boot::bootWeb(Object(Config\Paths))
15 SYSTEMPATH\rewrite.php(44): require_once('C:\\xampp\\htdocs\\hotel\\ci4-hotel-bed\\bookingEngine\\public\\index.php')
ERROR - 2025-04-25 12:23:58 --> mysqli_sql_exception: Duplicate entry '1' for key 'hotel_code' in C:\xampp\htdocs\hotel\ci4-hotel-bed\bookingEngine\system\Database\MySQLi\Connection.php:327
Stack trace:
#0 C:\xampp\htdocs\hotel\ci4-hotel-bed\bookingEngine\system\Database\MySQLi\Connection.php(327): mysqli->query('INSERT INTO `ho...', 0)
#1 C:\xampp\htdocs\hotel\ci4-hotel-bed\bookingEngine\system\Database\BaseConnection.php(738): CodeIgniter\Database\MySQLi\Connection->execute('INSERT INTO `ho...')
#2 C:\xampp\htdocs\hotel\ci4-hotel-bed\bookingEngine\system\Database\BaseConnection.php(652): CodeIgniter\Database\BaseConnection->simpleQuery('INSERT INTO `ho...')
#3 C:\xampp\htdocs\hotel\ci4-hotel-bed\bookingEngine\system\Database\BaseBuilder.php(2345): CodeIgniter\Database\BaseConnection->query('INSERT INTO `ho...', Array, false)
#4 C:\xampp\htdocs\hotel\ci4-hotel-bed\bookingEngine\system\Model.php(394): CodeIgniter\Database\BaseBuilder->insert()
#5 C:\xampp\htdocs\hotel\ci4-hotel-bed\bookingEngine\system\BaseModel.php(839): CodeIgniter\Model->doInsert(Array)
#6 C:\xampp\htdocs\hotel\ci4-hotel-bed\bookingEngine\system\Model.php(800): CodeIgniter\BaseModel->insert(Array, true)
#7 C:\xampp\htdocs\hotel\ci4-hotel-bed\bookingEngine\app\Controllers\Auth\AuthController.php(65): CodeIgniter\Model->insert(Array)
#8 C:\xampp\htdocs\hotel\ci4-hotel-bed\bookingEngine\system\CodeIgniter.php(933): App\Controllers\Auth\AuthController->hotelBedsApi()
#9 C:\xampp\htdocs\hotel\ci4-hotel-bed\bookingEngine\system\CodeIgniter.php(507): CodeIgniter\CodeIgniter->runController(Object(App\Controllers\Auth\AuthController))
#10 C:\xampp\htdocs\hotel\ci4-hotel-bed\bookingEngine\system\CodeIgniter.php(354): CodeIgniter\CodeIgniter->handleRequest(NULL, Object(Config\Cache), false)
#11 C:\xampp\htdocs\hotel\ci4-hotel-bed\bookingEngine\system\Boot.php(334): CodeIgniter\CodeIgniter->run()
#12 C:\xampp\htdocs\hotel\ci4-hotel-bed\bookingEngine\system\Boot.php(67): CodeIgniter\Boot::runCodeIgniter(Object(CodeIgniter\CodeIgniter))
#13 C:\xampp\htdocs\hotel\ci4-hotel-bed\bookingEngine\public\index.php(56): CodeIgniter\Boot::bootWeb(Object(Config\Paths))
#14 C:\xampp\htdocs\hotel\ci4-hotel-bed\bookingEngine\system\rewrite.php(44): require_once('C:\\xampp\\htdocs...')
#15 {main}
CRITICAL - 2025-04-25 12:23:58 --> CodeIgniter\Database\Exceptions\DatabaseException: Duplicate entry '1' for key 'hotel_code'
[Method: GET, Route: hotelBedsApi]
in SYSTEMPATH\Database\BaseConnection.php on line 692.
 1 SYSTEMPATH\Database\BaseBuilder.php(2345): CodeIgniter\Database\BaseConnection->query('INSERT INTO `hotels` (`hotel_code`, `name`, `country_code`, `destination_code`, `category`, `latitude`, `longitude`, `address`, `description`, `rating`) VALUES (:hotel_code:, :name:, :country_code:, :destination_code:, :category:, :latitude:, :longitude:, :address:, :description:, :rating:)', [...], false)
 2 SYSTEMPATH\Model.php(394): CodeIgniter\Database\BaseBuilder->insert()
 3 SYSTEMPATH\BaseModel.php(839): CodeIgniter\Model->doInsert([...])
 4 SYSTEMPATH\Model.php(800): CodeIgniter\BaseModel->insert([...], true)
 5 APPPATH\Controllers\Auth\AuthController.php(65): CodeIgniter\Model->insert([...])
 6 SYSTEMPATH\CodeIgniter.php(933): App\Controllers\Auth\AuthController->hotelBedsApi()
 7 SYSTEMPATH\CodeIgniter.php(507): CodeIgniter\CodeIgniter->runController(Object(App\Controllers\Auth\AuthController))
 8 SYSTEMPATH\CodeIgniter.php(354): CodeIgniter\CodeIgniter->handleRequest(null, Object(Config\Cache), false)
 9 SYSTEMPATH\Boot.php(334): CodeIgniter\CodeIgniter->run()
10 SYSTEMPATH\Boot.php(67): CodeIgniter\Boot::runCodeIgniter(Object(CodeIgniter\CodeIgniter))
11 FCPATH\index.php(56): CodeIgniter\Boot::bootWeb(Object(Config\Paths))
12 SYSTEMPATH\rewrite.php(44): require_once('C:\\xampp\\htdocs\\hotel\\ci4-hotel-bed\\bookingEngine\\public\\index.php')
CRITICAL - 2025-04-25 12:23:58 --> [Caused by] CodeIgniter\Database\Exceptions\DatabaseException: Duplicate entry '1' for key 'hotel_code'
in SYSTEMPATH\Database\MySQLi\Connection.php on line 332.
 1 SYSTEMPATH\Database\BaseConnection.php(738): CodeIgniter\Database\MySQLi\Connection->execute('INSERT INTO `hotels` (`hotel_code`, `name`, `country_code`, `destination_code`, `category`, `latitude`, `longitude`, `address`, `description`, `rating`) VALUES (1, \'Ohtels Villa Dorada\', \'ES\', \'SAL\', \'3EST\', 41.068407, 1.152529, \'Carrer Del Vendrell, 11\', \'This hotel is located about 150 metres from the fine sandy beach. The lively centre of Cambrils is approximately 10 km away and can be easily reached by the public bus services. There is a stop for public transport right in front of the hotel. The immediate vicinity offers a diverse range of shopping and entertainment facilities including boutiques, restaurants and bars. This hotel comprises a total of 260 rooms spread over 5 floors. Dining options include a café, a bar and an air-conditioned buffet restaurant with highchairs for infants. The tastefully decorated, cosy rooms come with a balcony and satellite TV.\', \'4*\')')
 2 SYSTEMPATH\Database\BaseConnection.php(652): CodeIgniter\Database\BaseConnection->simpleQuery('INSERT INTO `hotels` (`hotel_code`, `name`, `country_code`, `destination_code`, `category`, `latitude`, `longitude`, `address`, `description`, `rating`) VALUES (1, \'Ohtels Villa Dorada\', \'ES\', \'SAL\', \'3EST\', 41.068407, 1.152529, \'Carrer Del Vendrell, 11\', \'This hotel is located about 150 metres from the fine sandy beach. The lively centre of Cambrils is approximately 10 km away and can be easily reached by the public bus services. There is a stop for public transport right in front of the hotel. The immediate vicinity offers a diverse range of shopping and entertainment facilities including boutiques, restaurants and bars. This hotel comprises a total of 260 rooms spread over 5 floors. Dining options include a café, a bar and an air-conditioned buffet restaurant with highchairs for infants. The tastefully decorated, cosy rooms come with a balcony and satellite TV.\', \'4*\')')
 3 SYSTEMPATH\Database\BaseBuilder.php(2345): CodeIgniter\Database\BaseConnection->query('INSERT INTO `hotels` (`hotel_code`, `name`, `country_code`, `destination_code`, `category`, `latitude`, `longitude`, `address`, `description`, `rating`) VALUES (:hotel_code:, :name:, :country_code:, :destination_code:, :category:, :latitude:, :longitude:, :address:, :description:, :rating:)', [...], false)
 4 SYSTEMPATH\Model.php(394): CodeIgniter\Database\BaseBuilder->insert()
 5 SYSTEMPATH\BaseModel.php(839): CodeIgniter\Model->doInsert([...])
 6 SYSTEMPATH\Model.php(800): CodeIgniter\BaseModel->insert([...], true)
 7 APPPATH\Controllers\Auth\AuthController.php(65): CodeIgniter\Model->insert([...])
 8 SYSTEMPATH\CodeIgniter.php(933): App\Controllers\Auth\AuthController->hotelBedsApi()
 9 SYSTEMPATH\CodeIgniter.php(507): CodeIgniter\CodeIgniter->runController(Object(App\Controllers\Auth\AuthController))
10 SYSTEMPATH\CodeIgniter.php(354): CodeIgniter\CodeIgniter->handleRequest(null, Object(Config\Cache), false)
11 SYSTEMPATH\Boot.php(334): CodeIgniter\CodeIgniter->run()
12 SYSTEMPATH\Boot.php(67): CodeIgniter\Boot::runCodeIgniter(Object(CodeIgniter\CodeIgniter))
13 FCPATH\index.php(56): CodeIgniter\Boot::bootWeb(Object(Config\Paths))
14 SYSTEMPATH\rewrite.php(44): require_once('C:\\xampp\\htdocs\\hotel\\ci4-hotel-bed\\bookingEngine\\public\\index.php')
CRITICAL - 2025-04-25 12:23:58 --> [Caused by] mysqli_sql_exception: Duplicate entry '1' for key 'hotel_code'
in SYSTEMPATH\Database\MySQLi\Connection.php on line 327.
 1 SYSTEMPATH\Database\MySQLi\Connection.php(327): mysqli->query('INSERT INTO `hotels` (`hotel_code`, `name`, `country_code`, `destination_code`, `category`, `latitude`, `longitude`, `address`, `description`, `rating`) VALUES (1, \'Ohtels Villa Dorada\', \'ES\', \'SAL\', \'3EST\', 41.068407, 1.152529, \'Carrer Del Vendrell, 11\', \'This hotel is located about 150 metres from the fine sandy beach. The lively centre of Cambrils is approximately 10 km away and can be easily reached by the public bus services. There is a stop for public transport right in front of the hotel. The immediate vicinity offers a diverse range of shopping and entertainment facilities including boutiques, restaurants and bars. This hotel comprises a total of 260 rooms spread over 5 floors. Dining options include a café, a bar and an air-conditioned buffet restaurant with highchairs for infants. The tastefully decorated, cosy rooms come with a balcony and satellite TV.\', \'4*\')', 0)
 2 SYSTEMPATH\Database\BaseConnection.php(738): CodeIgniter\Database\MySQLi\Connection->execute('INSERT INTO `hotels` (`hotel_code`, `name`, `country_code`, `destination_code`, `category`, `latitude`, `longitude`, `address`, `description`, `rating`) VALUES (1, \'Ohtels Villa Dorada\', \'ES\', \'SAL\', \'3EST\', 41.068407, 1.152529, \'Carrer Del Vendrell, 11\', \'This hotel is located about 150 metres from the fine sandy beach. The lively centre of Cambrils is approximately 10 km away and can be easily reached by the public bus services. There is a stop for public transport right in front of the hotel. The immediate vicinity offers a diverse range of shopping and entertainment facilities including boutiques, restaurants and bars. This hotel comprises a total of 260 rooms spread over 5 floors. Dining options include a café, a bar and an air-conditioned buffet restaurant with highchairs for infants. The tastefully decorated, cosy rooms come with a balcony and satellite TV.\', \'4*\')')
 3 SYSTEMPATH\Database\BaseConnection.php(652): CodeIgniter\Database\BaseConnection->simpleQuery('INSERT INTO `hotels` (`hotel_code`, `name`, `country_code`, `destination_code`, `category`, `latitude`, `longitude`, `address`, `description`, `rating`) VALUES (1, \'Ohtels Villa Dorada\', \'ES\', \'SAL\', \'3EST\', 41.068407, 1.152529, \'Carrer Del Vendrell, 11\', \'This hotel is located about 150 metres from the fine sandy beach. The lively centre of Cambrils is approximately 10 km away and can be easily reached by the public bus services. There is a stop for public transport right in front of the hotel. The immediate vicinity offers a diverse range of shopping and entertainment facilities including boutiques, restaurants and bars. This hotel comprises a total of 260 rooms spread over 5 floors. Dining options include a café, a bar and an air-conditioned buffet restaurant with highchairs for infants. The tastefully decorated, cosy rooms come with a balcony and satellite TV.\', \'4*\')')
 4 SYSTEMPATH\Database\BaseBuilder.php(2345): CodeIgniter\Database\BaseConnection->query('INSERT INTO `hotels` (`hotel_code`, `name`, `country_code`, `destination_code`, `category`, `latitude`, `longitude`, `address`, `description`, `rating`) VALUES (:hotel_code:, :name:, :country_code:, :destination_code:, :category:, :latitude:, :longitude:, :address:, :description:, :rating:)', [...], false)
 5 SYSTEMPATH\Model.php(394): CodeIgniter\Database\BaseBuilder->insert()
 6 SYSTEMPATH\BaseModel.php(839): CodeIgniter\Model->doInsert([...])
 7 SYSTEMPATH\Model.php(800): CodeIgniter\BaseModel->insert([...], true)
 8 APPPATH\Controllers\Auth\AuthController.php(65): CodeIgniter\Model->insert([...])
 9 SYSTEMPATH\CodeIgniter.php(933): App\Controllers\Auth\AuthController->hotelBedsApi()
10 SYSTEMPATH\CodeIgniter.php(507): CodeIgniter\CodeIgniter->runController(Object(App\Controllers\Auth\AuthController))
11 SYSTEMPATH\CodeIgniter.php(354): CodeIgniter\CodeIgniter->handleRequest(null, Object(Config\Cache), false)
12 SYSTEMPATH\Boot.php(334): CodeIgniter\CodeIgniter->run()
13 SYSTEMPATH\Boot.php(67): CodeIgniter\Boot::runCodeIgniter(Object(CodeIgniter\CodeIgniter))
14 FCPATH\index.php(56): CodeIgniter\Boot::bootWeb(Object(Config\Paths))
15 SYSTEMPATH\rewrite.php(44): require_once('C:\\xampp\\htdocs\\hotel\\ci4-hotel-bed\\bookingEngine\\public\\index.php')
