DEBUG - 2025-05-01 11:59:58 --> Session: Class initialized using 'CodeIgniter\Session\Handlers\FileHandler' driver.
CRITICAL - 2025-05-01 12:07:14 --> ErrorException: Undefined variable $name
[Method: GET, Route: preview-otp-template]
in APPPATH\Views\emailTemplates\otp_template.php on line 14.
 1 APPPATH\Views\emailTemplates\otp_template.php(14): CodeIgniter\Debug\Exceptions->errorHandler(2, 'Undefined variable $name', 'C:\\xampp\\htdocs\\bookingEngine\\app\\Views\\emailTemplates\\otp_template.php', 14)
 2 SYSTEMPATH\View\View.php(224): include('C:\\xampp\\htdocs\\bookingEngine\\app\\Views\\emailTemplates\\otp_template.php')
 3 SYSTEMPATH\View\View.php(227): CodeIgniter\View\View->CodeIgniter\View\{closure}()
 4 SYSTEMPATH\Common.php(1173): CodeIgniter\View\View->render('emailTemplates/otp_template', [], true)
 5 APPPATH\Controllers\Auth\AuthController.php(63): view('emailTemplates/otp_template', [...])
 6 SYSTEMPATH\CodeIgniter.php(933): App\Controllers\Auth\AuthController->previewTemplate()
 7 SYSTEMPATH\CodeIgniter.php(507): CodeIgniter\CodeIgniter->runController(Object(App\Controllers\Auth\AuthController))
 8 SYSTEMPATH\CodeIgniter.php(354): CodeIgniter\CodeIgniter->handleRequest(null, Object(Config\Cache), false)
 9 SYSTEMPATH\Boot.php(334): CodeIgniter\CodeIgniter->run()
10 SYSTEMPATH\Boot.php(67): CodeIgniter\Boot::runCodeIgniter(Object(CodeIgniter\CodeIgniter))
11 FCPATH\index.php(56): CodeIgniter\Boot::bootWeb(Object(Config\Paths))
12 SYSTEMPATH\rewrite.php(44): require_once('C:\\xampp\\htdocs\\bookingEngine\\public\\index.php')
CRITICAL - 2025-05-01 12:07:40 --> ErrorException: Undefined variable $name
[Method: GET, Route: preview-otp-template]
in APPPATH\Views\emailTemplates\otp_template.php on line 14.
 1 APPPATH\Views\emailTemplates\otp_template.php(14): CodeIgniter\Debug\Exceptions->errorHandler(2, 'Undefined variable $name', 'C:\\xampp\\htdocs\\bookingEngine\\app\\Views\\emailTemplates\\otp_template.php', 14)
 2 SYSTEMPATH\View\View.php(224): include('C:\\xampp\\htdocs\\bookingEngine\\app\\Views\\emailTemplates\\otp_template.php')
 3 SYSTEMPATH\View\View.php(227): CodeIgniter\View\View->CodeIgniter\View\{closure}()
 4 SYSTEMPATH\Common.php(1173): CodeIgniter\View\View->render('emailTemplates/otp_template', [], true)
 5 APPPATH\Controllers\Auth\AuthController.php(64): view('emailTemplates/otp_template', [...])
 6 SYSTEMPATH\CodeIgniter.php(933): App\Controllers\Auth\AuthController->previewTemplate()
 7 SYSTEMPATH\CodeIgniter.php(507): CodeIgniter\CodeIgniter->runController(Object(App\Controllers\Auth\AuthController))
 8 SYSTEMPATH\CodeIgniter.php(354): CodeIgniter\CodeIgniter->handleRequest(null, Object(Config\Cache), false)
 9 SYSTEMPATH\Boot.php(334): CodeIgniter\CodeIgniter->run()
10 SYSTEMPATH\Boot.php(67): CodeIgniter\Boot::runCodeIgniter(Object(CodeIgniter\CodeIgniter))
11 FCPATH\index.php(56): CodeIgniter\Boot::bootWeb(Object(Config\Paths))
12 SYSTEMPATH\rewrite.php(44): require_once('C:\\xampp\\htdocs\\bookingEngine\\public\\index.php')
DEBUG - 2025-05-01 12:21:05 --> Session: Class initialized using 'CodeIgniter\Session\Handlers\FileHandler' driver.
