CRITICAL - 2025-04-24 09:43:57 --> Error: Undefined constant "routes"
[Method: CLI, Route: serve]
in APPPATH\Config\Routes.php on line 18.
 1 SYSTEMPATH\Router\RouteCollection.php(339): require()
 2 SYSTEMPATH\CLI\Console.php(41): CodeIgniter\Router\RouteCollection->loadRoutes()
 3 SYSTEMPATH\Boot.php(360): CodeIgniter\CLI\Console->run()
 4 SYSTEMPATH\Boot.php(104): CodeIgniter\Boot::runCommand(Object(CodeIgniter\CLI\Console))
 5 ROOTPATH\spark(84): CodeIgniter\Boot::bootSpark(Object(Config\Paths))
CRITICAL - 2025-04-24 10:06:48 --> ErrorException: Attempt to read property "errno" on bool
[Method: GET, Route: register]
in SYSTEMPATH\Database\MySQLi\Connection.php on line 610.
 1 SYSTEMPATH\Database\MySQLi\Connection.php(610): CodeIgniter\Debug\Exceptions->errorHandler(2, 'Attempt to read property "errno" on bool', 'D:\\Tmg_projects\\ci4-hotel-bed\\bookingEngine\\system\\Database\\MySQLi\\Connection.php', 610)
 2 APPPATH\Modules\Auth\Controllers\AuthController.php(23): CodeIgniter\Database\MySQLi\Connection->error()
 3 SYSTEMPATH\CodeIgniter.php(933): Modules\Auth\Controllers\AuthController->register()
 4 SYSTEMPATH\CodeIgniter.php(507): CodeIgniter\CodeIgniter->runController(Object(Modules\Auth\Controllers\AuthController))
 5 SYSTEMPATH\CodeIgniter.php(354): CodeIgniter\CodeIgniter->handleRequest(null, Object(Config\Cache), false)
 6 SYSTEMPATH\Boot.php(334): CodeIgniter\CodeIgniter->run()
 7 SYSTEMPATH\Boot.php(67): CodeIgniter\Boot::runCodeIgniter(Object(CodeIgniter\CodeIgniter))
 8 FCPATH\index.php(56): CodeIgniter\Boot::bootWeb(Object(Config\Paths))
 9 SYSTEMPATH\rewrite.php(44): require_once('D:\\Tmg_projects\\ci4-hotel-bed\\bookingEngine\\public\\index.php')
CRITICAL - 2025-04-24 10:07:37 --> ErrorException: Attempt to read property "errno" on bool
[Method: GET, Route: register]
in SYSTEMPATH\Database\MySQLi\Connection.php on line 610.
 1 SYSTEMPATH\Database\MySQLi\Connection.php(610): CodeIgniter\Debug\Exceptions->errorHandler(2, 'Attempt to read property "errno" on bool', 'D:\\Tmg_projects\\ci4-hotel-bed\\bookingEngine\\system\\Database\\MySQLi\\Connection.php', 610)
 2 APPPATH\Modules\Auth\Controllers\AuthController.php(23): CodeIgniter\Database\MySQLi\Connection->error()
 3 SYSTEMPATH\CodeIgniter.php(933): Modules\Auth\Controllers\AuthController->register()
 4 SYSTEMPATH\CodeIgniter.php(507): CodeIgniter\CodeIgniter->runController(Object(Modules\Auth\Controllers\AuthController))
 5 SYSTEMPATH\CodeIgniter.php(354): CodeIgniter\CodeIgniter->handleRequest(null, Object(Config\Cache), false)
 6 SYSTEMPATH\Boot.php(334): CodeIgniter\CodeIgniter->run()
 7 SYSTEMPATH\Boot.php(67): CodeIgniter\Boot::runCodeIgniter(Object(CodeIgniter\CodeIgniter))
 8 FCPATH\index.php(56): CodeIgniter\Boot::bootWeb(Object(Config\Paths))
 9 SYSTEMPATH\rewrite.php(44): require_once('D:\\Tmg_projects\\ci4-hotel-bed\\bookingEngine\\public\\index.php')
CRITICAL - 2025-04-24 10:08:17 --> ErrorException: Attempt to read property "errno" on bool
[Method: GET, Route: register]
in SYSTEMPATH\Database\MySQLi\Connection.php on line 610.
 1 SYSTEMPATH\Database\MySQLi\Connection.php(610): CodeIgniter\Debug\Exceptions->errorHandler(2, 'Attempt to read property "errno" on bool', 'D:\\Tmg_projects\\ci4-hotel-bed\\bookingEngine\\system\\Database\\MySQLi\\Connection.php', 610)
 2 APPPATH\Modules\Auth\Controllers\AuthController.php(24): CodeIgniter\Database\MySQLi\Connection->error()
 3 SYSTEMPATH\CodeIgniter.php(933): Modules\Auth\Controllers\AuthController->register()
 4 SYSTEMPATH\CodeIgniter.php(507): CodeIgniter\CodeIgniter->runController(Object(Modules\Auth\Controllers\AuthController))
 5 SYSTEMPATH\CodeIgniter.php(354): CodeIgniter\CodeIgniter->handleRequest(null, Object(Config\Cache), false)
 6 SYSTEMPATH\Boot.php(334): CodeIgniter\CodeIgniter->run()
 7 SYSTEMPATH\Boot.php(67): CodeIgniter\Boot::runCodeIgniter(Object(CodeIgniter\CodeIgniter))
 8 FCPATH\index.php(56): CodeIgniter\Boot::bootWeb(Object(Config\Paths))
 9 SYSTEMPATH\rewrite.php(44): require_once('D:\\Tmg_projects\\ci4-hotel-bed\\bookingEngine\\public\\index.php')
CRITICAL - 2025-04-24 10:08:26 --> ErrorException: Attempt to read property "errno" on bool
[Method: GET, Route: register]
in SYSTEMPATH\Database\MySQLi\Connection.php on line 610.
 1 SYSTEMPATH\Database\MySQLi\Connection.php(610): CodeIgniter\Debug\Exceptions->errorHandler(2, 'Attempt to read property "errno" on bool', 'D:\\Tmg_projects\\ci4-hotel-bed\\bookingEngine\\system\\Database\\MySQLi\\Connection.php', 610)
 2 APPPATH\Modules\Auth\Controllers\AuthController.php(24): CodeIgniter\Database\MySQLi\Connection->error()
 3 SYSTEMPATH\CodeIgniter.php(933): Modules\Auth\Controllers\AuthController->register()
 4 SYSTEMPATH\CodeIgniter.php(507): CodeIgniter\CodeIgniter->runController(Object(Modules\Auth\Controllers\AuthController))
 5 SYSTEMPATH\CodeIgniter.php(354): CodeIgniter\CodeIgniter->handleRequest(null, Object(Config\Cache), false)
 6 SYSTEMPATH\Boot.php(334): CodeIgniter\CodeIgniter->run()
 7 SYSTEMPATH\Boot.php(67): CodeIgniter\Boot::runCodeIgniter(Object(CodeIgniter\CodeIgniter))
 8 FCPATH\index.php(56): CodeIgniter\Boot::bootWeb(Object(Config\Paths))
 9 SYSTEMPATH\rewrite.php(44): require_once('D:\\Tmg_projects\\ci4-hotel-bed\\bookingEngine\\public\\index.php')
ERROR - 2025-04-24 11:11:59 --> Database connection error: Database connection failed.
ERROR - 2025-04-24 11:12:02 --> Database connection error: Database connection failed.
ERROR - 2025-04-24 11:12:11 --> Database connection error: Database connection failed.
ERROR - 2025-04-24 11:12:12 --> Database connection error: Database connection failed.
ERROR - 2025-04-24 11:12:13 --> Database connection error: Database connection failed.
ERROR - 2025-04-24 11:12:30 --> Database connection error: Database connection failed.
ERROR - 2025-04-24 11:14:35 --> Database connection error: Database connection failed.
ERROR - 2025-04-24 11:14:39 --> Database connection error: Database connection failed.
ERROR - 2025-04-24 11:14:40 --> Database connection error: Database connection failed.
ERROR - 2025-04-24 11:14:41 --> Database connection error: Database connection failed.
ERROR - 2025-04-24 11:16:02 --> Database connection error: Database connection failed.
DEBUG - 2025-04-24 11:16:02 --> Session: Class initialized using 'CodeIgniter\Session\Handlers\FileHandler' driver.
ERROR - 2025-04-24 11:16:16 --> Database connection error: Database connection failed.
DEBUG - 2025-04-24 11:16:16 --> Session: Class initialized using 'CodeIgniter\Session\Handlers\FileHandler' driver.
ERROR - 2025-04-24 11:16:18 --> Database connection error: Database connection failed.
DEBUG - 2025-04-24 11:16:18 --> Session: Class initialized using 'CodeIgniter\Session\Handlers\FileHandler' driver.
ERROR - 2025-04-24 11:16:37 --> Database connection error: Database connection failed.
ERROR - 2025-04-24 11:16:38 --> Database connection error: Database connection failed.
ERROR - 2025-04-24 11:20:45 --> Database connection error: Database connection failed.
ERROR - 2025-04-24 11:20:51 --> Database connection error: Database connection failed.
ERROR - 2025-04-24 11:20:52 --> Database connection error: Database connection failed.
ERROR - 2025-04-24 11:21:31 --> Database connection error: Database connection failed.
ERROR - 2025-04-24 11:24:16 --> Database connection error: Database connection failed.
ERROR - 2025-04-24 11:24:19 --> Database connection error: Database connection failed.
ERROR - 2025-04-24 11:24:22 --> Database connection error: Database connection failed.
ERROR - 2025-04-24 11:24:23 --> Database connection error: Database connection failed.
ERROR - 2025-04-24 11:24:23 --> Database connection error: Database connection failed.
ERROR - 2025-04-24 11:25:19 --> Database connection error: Database connection failed.
ERROR - 2025-04-24 11:31:13 --> Database connection error: Database connection failed.
ERROR - 2025-04-24 11:31:15 --> Database connection error: Database connection failed.
ERROR - 2025-04-24 11:35:12 --> Database connection error: Database connection failed.
ERROR - 2025-04-24 11:35:20 --> Database connection error: Database connection failed.
ERROR - 2025-04-24 11:35:38 --> Database connection error: Database connection failed.
ERROR - 2025-04-24 11:36:19 --> Database connection error: Database connection failed.
ERROR - 2025-04-24 11:39:28 --> Database connection error: Database connection failed.
ERROR - 2025-04-24 11:40:37 --> Database connection error: Database connection failed.
ERROR - 2025-04-24 11:41:55 --> Database connection error: Database connection failed.
ERROR - 2025-04-24 11:41:57 --> Database connection error: Database connection failed.
ERROR - 2025-04-24 11:41:59 --> Database connection error: Database connection failed.
ERROR - 2025-04-24 11:45:06 --> Database connection error: Database connection failed.
ERROR - 2025-04-24 11:45:08 --> Database connection error: Database connection failed.
ERROR - 2025-04-24 11:45:09 --> Database connection error: Database connection failed.
ERROR - 2025-04-24 11:46:26 --> Database connection error: Database connection failed.
ERROR - 2025-04-24 11:46:28 --> Database connection error: Database connection failed.
ERROR - 2025-04-24 11:46:30 --> Database connection error: Database connection failed.
ERROR - 2025-04-24 11:46:31 --> Database connection error: Database connection failed.
ERROR - 2025-04-24 11:46:33 --> Database connection error: Database connection failed.
ERROR - 2025-04-24 11:46:34 --> Database connection error: Database connection failed.
ERROR - 2025-04-24 11:46:43 --> Database connection error: Database connection failed.
ERROR - 2025-04-24 12:06:28 --> Database connection error: Database connection failed.
ERROR - 2025-04-24 12:06:30 --> Database connection error: Database connection failed.
ERROR - 2025-04-24 12:06:32 --> Database connection error: Database connection failed.
ERROR - 2025-04-24 12:06:35 --> Database connection error: Database connection failed.
ERROR - 2025-04-24 12:10:24 --> Database connection error: Database connection failed.
ERROR - 2025-04-24 12:10:26 --> Database connection error: Database connection failed.
ERROR - 2025-04-24 12:10:28 --> Database connection error: Database connection failed.
ERROR - 2025-04-24 12:12:22 --> Database connection error: Database connection failed. Error: Unknown DB connection error.
ERROR - 2025-04-24 12:18:05 --> Database connection error: Database connection failed. Error: Unknown DB connection error.
ERROR - 2025-04-24 12:18:07 --> Database connection error: Database connection failed. Error: Unknown DB connection error.
ERROR - 2025-04-24 12:18:09 --> Database connection error: Database connection failed. Error: Unknown DB connection error.
ERROR - 2025-04-24 12:18:11 --> Database connection error: Database connection failed. Error: Unknown DB connection error.
ERROR - 2025-04-24 12:18:14 --> Database connection error: Database connection failed. Error: Unknown DB connection error.
ERROR - 2025-04-24 12:18:16 --> Database connection error: Database connection failed. Error: Unknown DB connection error.
ERROR - 2025-04-24 12:18:18 --> Database connection error: Database connection failed. Error: Unknown DB connection error.
ERROR - 2025-04-24 12:18:51 --> Database connection error: Database connection failed. Error: Unknown DB connection error.
ERROR - 2025-04-24 12:20:14 --> Database connection error: Database connection failed. Error: Unknown DB connection error.
ERROR - 2025-04-24 12:20:44 --> Database connection error: Database connection failed. Error: Unknown DB connection error.
ERROR - 2025-04-24 12:21:21 --> Database connection error: Database connection failed. Error: Unknown DB connection error.
ERROR - 2025-04-24 12:23:46 --> Database connection error: Database connection failed.
ERROR - 2025-04-24 12:24:10 --> Database connection error: Database connection failed.
ERROR - 2025-04-24 12:24:59 --> Error connecting to the database: mysqli_sql_exception: Invalid character set was provided in C:\xampp\htdocs\hotel\ci4-hotel-bed\bookingEngine\system\Database\MySQLi\Connection.php:225
Stack trace:
#0 C:\xampp\htdocs\hotel\ci4-hotel-bed\bookingEngine\system\Database\MySQLi\Connection.php(225): mysqli->set_charset('')
#1 C:\xampp\htdocs\hotel\ci4-hotel-bed\bookingEngine\system\Database\BaseConnection.php(421): CodeIgniter\Database\MySQLi\Connection->connect(false)
#2 C:\xampp\htdocs\hotel\ci4-hotel-bed\bookingEngine\app\Modules\Auth\Controllers\AuthController.php(102): CodeIgniter\Database\BaseConnection->initialize()
#3 C:\xampp\htdocs\hotel\ci4-hotel-bed\bookingEngine\system\CodeIgniter.php(933): Modules\Auth\Controllers\AuthController->registerAccount()
#4 C:\xampp\htdocs\hotel\ci4-hotel-bed\bookingEngine\system\CodeIgniter.php(507): CodeIgniter\CodeIgniter->runController(Object(Modules\Auth\Controllers\AuthController))
#5 C:\xampp\htdocs\hotel\ci4-hotel-bed\bookingEngine\system\CodeIgniter.php(354): CodeIgniter\CodeIgniter->handleRequest(NULL, Object(Config\Cache), false)
#6 C:\xampp\htdocs\hotel\ci4-hotel-bed\bookingEngine\system\Boot.php(334): CodeIgniter\CodeIgniter->run()
#7 C:\xampp\htdocs\hotel\ci4-hotel-bed\bookingEngine\system\Boot.php(67): CodeIgniter\Boot::runCodeIgniter(Object(CodeIgniter\CodeIgniter))
#8 C:\xampp\htdocs\hotel\ci4-hotel-bed\bookingEngine\public\index.php(56): CodeIgniter\Boot::bootWeb(Object(Config\Paths))
#9 C:\xampp\htdocs\hotel\ci4-hotel-bed\bookingEngine\system\rewrite.php(44): require_once('C:\\xampp\\htdocs...')
#10 {main}

Next CodeIgniter\Database\Exceptions\DatabaseException: Invalid character set was provided in C:\xampp\htdocs\hotel\ci4-hotel-bed\bookingEngine\system\Database\MySQLi\Connection.php:246
Stack trace:
#0 C:\xampp\htdocs\hotel\ci4-hotel-bed\bookingEngine\system\Database\BaseConnection.php(421): CodeIgniter\Database\MySQLi\Connection->connect(false)
#1 C:\xampp\htdocs\hotel\ci4-hotel-bed\bookingEngine\app\Modules\Auth\Controllers\AuthController.php(102): CodeIgniter\Database\BaseConnection->initialize()
#2 C:\xampp\htdocs\hotel\ci4-hotel-bed\bookingEngine\system\CodeIgniter.php(933): Modules\Auth\Controllers\AuthController->registerAccount()
#3 C:\xampp\htdocs\hotel\ci4-hotel-bed\bookingEngine\system\CodeIgniter.php(507): CodeIgniter\CodeIgniter->runController(Object(Modules\Auth\Controllers\AuthController))
#4 C:\xampp\htdocs\hotel\ci4-hotel-bed\bookingEngine\system\CodeIgniter.php(354): CodeIgniter\CodeIgniter->handleRequest(NULL, Object(Config\Cache), false)
#5 C:\xampp\htdocs\hotel\ci4-hotel-bed\bookingEngine\system\Boot.php(334): CodeIgniter\CodeIgniter->run()
#6 C:\xampp\htdocs\hotel\ci4-hotel-bed\bookingEngine\system\Boot.php(67): CodeIgniter\Boot::runCodeIgniter(Object(CodeIgniter\CodeIgniter))
#7 C:\xampp\htdocs\hotel\ci4-hotel-bed\bookingEngine\public\index.php(56): CodeIgniter\Boot::bootWeb(Object(Config\Paths))
#8 C:\xampp\htdocs\hotel\ci4-hotel-bed\bookingEngine\system\rewrite.php(44): require_once('C:\\xampp\\htdocs...')
#9 {main}
ERROR - 2025-04-24 12:25:33 --> Error connecting to the database: mysqli_sql_exception: Invalid character set was provided in C:\xampp\htdocs\hotel\ci4-hotel-bed\bookingEngine\system\Database\MySQLi\Connection.php:225
Stack trace:
#0 C:\xampp\htdocs\hotel\ci4-hotel-bed\bookingEngine\system\Database\MySQLi\Connection.php(225): mysqli->set_charset('')
#1 C:\xampp\htdocs\hotel\ci4-hotel-bed\bookingEngine\system\Database\BaseConnection.php(421): CodeIgniter\Database\MySQLi\Connection->connect(false)
#2 C:\xampp\htdocs\hotel\ci4-hotel-bed\bookingEngine\app\Modules\Auth\Controllers\AuthController.php(102): CodeIgniter\Database\BaseConnection->initialize()
#3 C:\xampp\htdocs\hotel\ci4-hotel-bed\bookingEngine\system\CodeIgniter.php(933): Modules\Auth\Controllers\AuthController->registerAccount()
#4 C:\xampp\htdocs\hotel\ci4-hotel-bed\bookingEngine\system\CodeIgniter.php(507): CodeIgniter\CodeIgniter->runController(Object(Modules\Auth\Controllers\AuthController))
#5 C:\xampp\htdocs\hotel\ci4-hotel-bed\bookingEngine\system\CodeIgniter.php(354): CodeIgniter\CodeIgniter->handleRequest(NULL, Object(Config\Cache), false)
#6 C:\xampp\htdocs\hotel\ci4-hotel-bed\bookingEngine\system\Boot.php(334): CodeIgniter\CodeIgniter->run()
#7 C:\xampp\htdocs\hotel\ci4-hotel-bed\bookingEngine\system\Boot.php(67): CodeIgniter\Boot::runCodeIgniter(Object(CodeIgniter\CodeIgniter))
#8 C:\xampp\htdocs\hotel\ci4-hotel-bed\bookingEngine\public\index.php(56): CodeIgniter\Boot::bootWeb(Object(Config\Paths))
#9 C:\xampp\htdocs\hotel\ci4-hotel-bed\bookingEngine\system\rewrite.php(44): require_once('C:\\xampp\\htdocs...')
#10 {main}

Next CodeIgniter\Database\Exceptions\DatabaseException: Invalid character set was provided in C:\xampp\htdocs\hotel\ci4-hotel-bed\bookingEngine\system\Database\MySQLi\Connection.php:246
Stack trace:
#0 C:\xampp\htdocs\hotel\ci4-hotel-bed\bookingEngine\system\Database\BaseConnection.php(421): CodeIgniter\Database\MySQLi\Connection->connect(false)
#1 C:\xampp\htdocs\hotel\ci4-hotel-bed\bookingEngine\app\Modules\Auth\Controllers\AuthController.php(102): CodeIgniter\Database\BaseConnection->initialize()
#2 C:\xampp\htdocs\hotel\ci4-hotel-bed\bookingEngine\system\CodeIgniter.php(933): Modules\Auth\Controllers\AuthController->registerAccount()
#3 C:\xampp\htdocs\hotel\ci4-hotel-bed\bookingEngine\system\CodeIgniter.php(507): CodeIgniter\CodeIgniter->runController(Object(Modules\Auth\Controllers\AuthController))
#4 C:\xampp\htdocs\hotel\ci4-hotel-bed\bookingEngine\system\CodeIgniter.php(354): CodeIgniter\CodeIgniter->handleRequest(NULL, Object(Config\Cache), false)
#5 C:\xampp\htdocs\hotel\ci4-hotel-bed\bookingEngine\system\Boot.php(334): CodeIgniter\CodeIgniter->run()
#6 C:\xampp\htdocs\hotel\ci4-hotel-bed\bookingEngine\system\Boot.php(67): CodeIgniter\Boot::runCodeIgniter(Object(CodeIgniter\CodeIgniter))
#7 C:\xampp\htdocs\hotel\ci4-hotel-bed\bookingEngine\public\index.php(56): CodeIgniter\Boot::bootWeb(Object(Config\Paths))
#8 C:\xampp\htdocs\hotel\ci4-hotel-bed\bookingEngine\system\rewrite.php(44): require_once('C:\\xampp\\htdocs...')
#9 {main}
ERROR - 2025-04-24 12:25:35 --> Error connecting to the database: mysqli_sql_exception: Invalid character set was provided in C:\xampp\htdocs\hotel\ci4-hotel-bed\bookingEngine\system\Database\MySQLi\Connection.php:225
Stack trace:
#0 C:\xampp\htdocs\hotel\ci4-hotel-bed\bookingEngine\system\Database\MySQLi\Connection.php(225): mysqli->set_charset('')
#1 C:\xampp\htdocs\hotel\ci4-hotel-bed\bookingEngine\system\Database\BaseConnection.php(421): CodeIgniter\Database\MySQLi\Connection->connect(false)
#2 C:\xampp\htdocs\hotel\ci4-hotel-bed\bookingEngine\app\Modules\Auth\Controllers\AuthController.php(102): CodeIgniter\Database\BaseConnection->initialize()
#3 C:\xampp\htdocs\hotel\ci4-hotel-bed\bookingEngine\system\CodeIgniter.php(933): Modules\Auth\Controllers\AuthController->registerAccount()
#4 C:\xampp\htdocs\hotel\ci4-hotel-bed\bookingEngine\system\CodeIgniter.php(507): CodeIgniter\CodeIgniter->runController(Object(Modules\Auth\Controllers\AuthController))
#5 C:\xampp\htdocs\hotel\ci4-hotel-bed\bookingEngine\system\CodeIgniter.php(354): CodeIgniter\CodeIgniter->handleRequest(NULL, Object(Config\Cache), false)
#6 C:\xampp\htdocs\hotel\ci4-hotel-bed\bookingEngine\system\Boot.php(334): CodeIgniter\CodeIgniter->run()
#7 C:\xampp\htdocs\hotel\ci4-hotel-bed\bookingEngine\system\Boot.php(67): CodeIgniter\Boot::runCodeIgniter(Object(CodeIgniter\CodeIgniter))
#8 C:\xampp\htdocs\hotel\ci4-hotel-bed\bookingEngine\public\index.php(56): CodeIgniter\Boot::bootWeb(Object(Config\Paths))
#9 C:\xampp\htdocs\hotel\ci4-hotel-bed\bookingEngine\system\rewrite.php(44): require_once('C:\\xampp\\htdocs...')
#10 {main}

Next CodeIgniter\Database\Exceptions\DatabaseException: Invalid character set was provided in C:\xampp\htdocs\hotel\ci4-hotel-bed\bookingEngine\system\Database\MySQLi\Connection.php:246
Stack trace:
#0 C:\xampp\htdocs\hotel\ci4-hotel-bed\bookingEngine\system\Database\BaseConnection.php(421): CodeIgniter\Database\MySQLi\Connection->connect(false)
#1 C:\xampp\htdocs\hotel\ci4-hotel-bed\bookingEngine\app\Modules\Auth\Controllers\AuthController.php(102): CodeIgniter\Database\BaseConnection->initialize()
#2 C:\xampp\htdocs\hotel\ci4-hotel-bed\bookingEngine\system\CodeIgniter.php(933): Modules\Auth\Controllers\AuthController->registerAccount()
#3 C:\xampp\htdocs\hotel\ci4-hotel-bed\bookingEngine\system\CodeIgniter.php(507): CodeIgniter\CodeIgniter->runController(Object(Modules\Auth\Controllers\AuthController))
#4 C:\xampp\htdocs\hotel\ci4-hotel-bed\bookingEngine\system\CodeIgniter.php(354): CodeIgniter\CodeIgniter->handleRequest(NULL, Object(Config\Cache), false)
#5 C:\xampp\htdocs\hotel\ci4-hotel-bed\bookingEngine\system\Boot.php(334): CodeIgniter\CodeIgniter->run()
#6 C:\xampp\htdocs\hotel\ci4-hotel-bed\bookingEngine\system\Boot.php(67): CodeIgniter\Boot::runCodeIgniter(Object(CodeIgniter\CodeIgniter))
#7 C:\xampp\htdocs\hotel\ci4-hotel-bed\bookingEngine\public\index.php(56): CodeIgniter\Boot::bootWeb(Object(Config\Paths))
#8 C:\xampp\htdocs\hotel\ci4-hotel-bed\bookingEngine\system\rewrite.php(44): require_once('C:\\xampp\\htdocs...')
#9 {main}
ERROR - 2025-04-24 12:26:07 --> Error connecting to the database: mysqli_sql_exception: Invalid character set was provided in C:\xampp\htdocs\hotel\ci4-hotel-bed\bookingEngine\system\Database\MySQLi\Connection.php:225
Stack trace:
#0 C:\xampp\htdocs\hotel\ci4-hotel-bed\bookingEngine\system\Database\MySQLi\Connection.php(225): mysqli->set_charset('')
#1 C:\xampp\htdocs\hotel\ci4-hotel-bed\bookingEngine\system\Database\BaseConnection.php(421): CodeIgniter\Database\MySQLi\Connection->connect(false)
#2 C:\xampp\htdocs\hotel\ci4-hotel-bed\bookingEngine\app\Modules\Auth\Controllers\AuthController.php(102): CodeIgniter\Database\BaseConnection->initialize()
#3 C:\xampp\htdocs\hotel\ci4-hotel-bed\bookingEngine\system\CodeIgniter.php(933): Modules\Auth\Controllers\AuthController->registerAccount()
#4 C:\xampp\htdocs\hotel\ci4-hotel-bed\bookingEngine\system\CodeIgniter.php(507): CodeIgniter\CodeIgniter->runController(Object(Modules\Auth\Controllers\AuthController))
#5 C:\xampp\htdocs\hotel\ci4-hotel-bed\bookingEngine\system\CodeIgniter.php(354): CodeIgniter\CodeIgniter->handleRequest(NULL, Object(Config\Cache), false)
#6 C:\xampp\htdocs\hotel\ci4-hotel-bed\bookingEngine\system\Boot.php(334): CodeIgniter\CodeIgniter->run()
#7 C:\xampp\htdocs\hotel\ci4-hotel-bed\bookingEngine\system\Boot.php(67): CodeIgniter\Boot::runCodeIgniter(Object(CodeIgniter\CodeIgniter))
#8 C:\xampp\htdocs\hotel\ci4-hotel-bed\bookingEngine\public\index.php(56): CodeIgniter\Boot::bootWeb(Object(Config\Paths))
#9 C:\xampp\htdocs\hotel\ci4-hotel-bed\bookingEngine\system\rewrite.php(44): require_once('C:\\xampp\\htdocs...')
#10 {main}

Next CodeIgniter\Database\Exceptions\DatabaseException: Invalid character set was provided in C:\xampp\htdocs\hotel\ci4-hotel-bed\bookingEngine\system\Database\MySQLi\Connection.php:246
Stack trace:
#0 C:\xampp\htdocs\hotel\ci4-hotel-bed\bookingEngine\system\Database\BaseConnection.php(421): CodeIgniter\Database\MySQLi\Connection->connect(false)
#1 C:\xampp\htdocs\hotel\ci4-hotel-bed\bookingEngine\app\Modules\Auth\Controllers\AuthController.php(102): CodeIgniter\Database\BaseConnection->initialize()
#2 C:\xampp\htdocs\hotel\ci4-hotel-bed\bookingEngine\system\CodeIgniter.php(933): Modules\Auth\Controllers\AuthController->registerAccount()
#3 C:\xampp\htdocs\hotel\ci4-hotel-bed\bookingEngine\system\CodeIgniter.php(507): CodeIgniter\CodeIgniter->runController(Object(Modules\Auth\Controllers\AuthController))
#4 C:\xampp\htdocs\hotel\ci4-hotel-bed\bookingEngine\system\CodeIgniter.php(354): CodeIgniter\CodeIgniter->handleRequest(NULL, Object(Config\Cache), false)
#5 C:\xampp\htdocs\hotel\ci4-hotel-bed\bookingEngine\system\Boot.php(334): CodeIgniter\CodeIgniter->run()
#6 C:\xampp\htdocs\hotel\ci4-hotel-bed\bookingEngine\system\Boot.php(67): CodeIgniter\Boot::runCodeIgniter(Object(CodeIgniter\CodeIgniter))
#7 C:\xampp\htdocs\hotel\ci4-hotel-bed\bookingEngine\public\index.php(56): CodeIgniter\Boot::bootWeb(Object(Config\Paths))
#8 C:\xampp\htdocs\hotel\ci4-hotel-bed\bookingEngine\system\rewrite.php(44): require_once('C:\\xampp\\htdocs...')
#9 {main}
ERROR - 2025-04-24 12:27:32 --> Error connecting to the database: mysqli_sql_exception: Invalid character set was provided in C:\xampp\htdocs\hotel\ci4-hotel-bed\bookingEngine\system\Database\MySQLi\Connection.php:225
Stack trace:
#0 C:\xampp\htdocs\hotel\ci4-hotel-bed\bookingEngine\system\Database\MySQLi\Connection.php(225): mysqli->set_charset('')
#1 C:\xampp\htdocs\hotel\ci4-hotel-bed\bookingEngine\system\Database\BaseConnection.php(421): CodeIgniter\Database\MySQLi\Connection->connect(false)
#2 C:\xampp\htdocs\hotel\ci4-hotel-bed\bookingEngine\app\Modules\Auth\Controllers\AuthController.php(102): CodeIgniter\Database\BaseConnection->initialize()
#3 C:\xampp\htdocs\hotel\ci4-hotel-bed\bookingEngine\system\CodeIgniter.php(933): Modules\Auth\Controllers\AuthController->registerAccount()
#4 C:\xampp\htdocs\hotel\ci4-hotel-bed\bookingEngine\system\CodeIgniter.php(507): CodeIgniter\CodeIgniter->runController(Object(Modules\Auth\Controllers\AuthController))
#5 C:\xampp\htdocs\hotel\ci4-hotel-bed\bookingEngine\system\CodeIgniter.php(354): CodeIgniter\CodeIgniter->handleRequest(NULL, Object(Config\Cache), false)
#6 C:\xampp\htdocs\hotel\ci4-hotel-bed\bookingEngine\system\Boot.php(334): CodeIgniter\CodeIgniter->run()
#7 C:\xampp\htdocs\hotel\ci4-hotel-bed\bookingEngine\system\Boot.php(67): CodeIgniter\Boot::runCodeIgniter(Object(CodeIgniter\CodeIgniter))
#8 C:\xampp\htdocs\hotel\ci4-hotel-bed\bookingEngine\public\index.php(56): CodeIgniter\Boot::bootWeb(Object(Config\Paths))
#9 C:\xampp\htdocs\hotel\ci4-hotel-bed\bookingEngine\system\rewrite.php(44): require_once('C:\\xampp\\htdocs...')
#10 {main}

Next CodeIgniter\Database\Exceptions\DatabaseException: Invalid character set was provided in C:\xampp\htdocs\hotel\ci4-hotel-bed\bookingEngine\system\Database\MySQLi\Connection.php:246
Stack trace:
#0 C:\xampp\htdocs\hotel\ci4-hotel-bed\bookingEngine\system\Database\BaseConnection.php(421): CodeIgniter\Database\MySQLi\Connection->connect(false)
#1 C:\xampp\htdocs\hotel\ci4-hotel-bed\bookingEngine\app\Modules\Auth\Controllers\AuthController.php(102): CodeIgniter\Database\BaseConnection->initialize()
#2 C:\xampp\htdocs\hotel\ci4-hotel-bed\bookingEngine\system\CodeIgniter.php(933): Modules\Auth\Controllers\AuthController->registerAccount()
#3 C:\xampp\htdocs\hotel\ci4-hotel-bed\bookingEngine\system\CodeIgniter.php(507): CodeIgniter\CodeIgniter->runController(Object(Modules\Auth\Controllers\AuthController))
#4 C:\xampp\htdocs\hotel\ci4-hotel-bed\bookingEngine\system\CodeIgniter.php(354): CodeIgniter\CodeIgniter->handleRequest(NULL, Object(Config\Cache), false)
#5 C:\xampp\htdocs\hotel\ci4-hotel-bed\bookingEngine\system\Boot.php(334): CodeIgniter\CodeIgniter->run()
#6 C:\xampp\htdocs\hotel\ci4-hotel-bed\bookingEngine\system\Boot.php(67): CodeIgniter\Boot::runCodeIgniter(Object(CodeIgniter\CodeIgniter))
#7 C:\xampp\htdocs\hotel\ci4-hotel-bed\bookingEngine\public\index.php(56): CodeIgniter\Boot::bootWeb(Object(Config\Paths))
#8 C:\xampp\htdocs\hotel\ci4-hotel-bed\bookingEngine\system\rewrite.php(44): require_once('C:\\xampp\\htdocs...')
#9 {main}
ERROR - 2025-04-24 12:28:18 --> Error connecting to the database: mysqli_sql_exception: Invalid character set was provided in C:\xampp\htdocs\hotel\ci4-hotel-bed\bookingEngine\system\Database\MySQLi\Connection.php:225
Stack trace:
#0 C:\xampp\htdocs\hotel\ci4-hotel-bed\bookingEngine\system\Database\MySQLi\Connection.php(225): mysqli->set_charset('')
#1 C:\xampp\htdocs\hotel\ci4-hotel-bed\bookingEngine\system\Database\BaseConnection.php(421): CodeIgniter\Database\MySQLi\Connection->connect(false)
#2 C:\xampp\htdocs\hotel\ci4-hotel-bed\bookingEngine\system\Database\BaseConnection.php(620): CodeIgniter\Database\BaseConnection->initialize()
#3 C:\xampp\htdocs\hotel\ci4-hotel-bed\bookingEngine\app\Modules\Auth\Controllers\AuthController.php(101): CodeIgniter\Database\BaseConnection->query('SET NAMES 'utf8...')
#4 C:\xampp\htdocs\hotel\ci4-hotel-bed\bookingEngine\system\CodeIgniter.php(933): Modules\Auth\Controllers\AuthController->registerAccount()
#5 C:\xampp\htdocs\hotel\ci4-hotel-bed\bookingEngine\system\CodeIgniter.php(507): CodeIgniter\CodeIgniter->runController(Object(Modules\Auth\Controllers\AuthController))
#6 C:\xampp\htdocs\hotel\ci4-hotel-bed\bookingEngine\system\CodeIgniter.php(354): CodeIgniter\CodeIgniter->handleRequest(NULL, Object(Config\Cache), false)
#7 C:\xampp\htdocs\hotel\ci4-hotel-bed\bookingEngine\system\Boot.php(334): CodeIgniter\CodeIgniter->run()
#8 C:\xampp\htdocs\hotel\ci4-hotel-bed\bookingEngine\system\Boot.php(67): CodeIgniter\Boot::runCodeIgniter(Object(CodeIgniter\CodeIgniter))
#9 C:\xampp\htdocs\hotel\ci4-hotel-bed\bookingEngine\public\index.php(56): CodeIgniter\Boot::bootWeb(Object(Config\Paths))
#10 C:\xampp\htdocs\hotel\ci4-hotel-bed\bookingEngine\system\rewrite.php(44): require_once('C:\\xampp\\htdocs...')
#11 {main}

Next CodeIgniter\Database\Exceptions\DatabaseException: Invalid character set was provided in C:\xampp\htdocs\hotel\ci4-hotel-bed\bookingEngine\system\Database\MySQLi\Connection.php:246
Stack trace:
#0 C:\xampp\htdocs\hotel\ci4-hotel-bed\bookingEngine\system\Database\BaseConnection.php(421): CodeIgniter\Database\MySQLi\Connection->connect(false)
#1 C:\xampp\htdocs\hotel\ci4-hotel-bed\bookingEngine\system\Database\BaseConnection.php(620): CodeIgniter\Database\BaseConnection->initialize()
#2 C:\xampp\htdocs\hotel\ci4-hotel-bed\bookingEngine\app\Modules\Auth\Controllers\AuthController.php(101): CodeIgniter\Database\BaseConnection->query('SET NAMES 'utf8...')
#3 C:\xampp\htdocs\hotel\ci4-hotel-bed\bookingEngine\system\CodeIgniter.php(933): Modules\Auth\Controllers\AuthController->registerAccount()
#4 C:\xampp\htdocs\hotel\ci4-hotel-bed\bookingEngine\system\CodeIgniter.php(507): CodeIgniter\CodeIgniter->runController(Object(Modules\Auth\Controllers\AuthController))
#5 C:\xampp\htdocs\hotel\ci4-hotel-bed\bookingEngine\system\CodeIgniter.php(354): CodeIgniter\CodeIgniter->handleRequest(NULL, Object(Config\Cache), false)
#6 C:\xampp\htdocs\hotel\ci4-hotel-bed\bookingEngine\system\Boot.php(334): CodeIgniter\CodeIgniter->run()
#7 C:\xampp\htdocs\hotel\ci4-hotel-bed\bookingEngine\system\Boot.php(67): CodeIgniter\Boot::runCodeIgniter(Object(CodeIgniter\CodeIgniter))
#8 C:\xampp\htdocs\hotel\ci4-hotel-bed\bookingEngine\public\index.php(56): CodeIgniter\Boot::bootWeb(Object(Config\Paths))
#9 C:\xampp\htdocs\hotel\ci4-hotel-bed\bookingEngine\system\rewrite.php(44): require_once('C:\\xampp\\htdocs...')
#10 {main}
ERROR - 2025-04-24 12:29:31 --> Database connection error: Database connection failed.
CRITICAL - 2025-04-24 13:00:49 --> CodeIgniter\Router\Exceptions\RouterException: The namespace delimiter is a backslash (\), not a slash (/). Route handler: "\App\Controllers\Auth/AuthController::register"
[Method: GET, Route: register]
in SYSTEMPATH\Router\Router.php on line 494.
 1 SYSTEMPATH\Router\Router.php(494): CodeIgniter\Router\Exceptions\RouterException::forInvalidControllerName('\\App\\Controllers\\Auth/AuthController::register')
 2 SYSTEMPATH\Router\Router.php(213): CodeIgniter\Router\Router->checkRoutes('register')
 3 SYSTEMPATH\CodeIgniter.php(832): CodeIgniter\Router\Router->handle('register')
 4 SYSTEMPATH\CodeIgniter.php(455): CodeIgniter\CodeIgniter->tryToRouteIt(Object(CodeIgniter\Router\RouteCollection))
 5 SYSTEMPATH\CodeIgniter.php(354): CodeIgniter\CodeIgniter->handleRequest(null, Object(Config\Cache), false)
 6 SYSTEMPATH\Boot.php(334): CodeIgniter\CodeIgniter->run()
 7 SYSTEMPATH\Boot.php(67): CodeIgniter\Boot::runCodeIgniter(Object(CodeIgniter\CodeIgniter))
 8 FCPATH\index.php(56): CodeIgniter\Boot::bootWeb(Object(Config\Paths))
 9 SYSTEMPATH\rewrite.php(44): require_once('C:\\xampp\\htdocs\\hotel\\ci4-hotel-bed\\bookingEngine\\public\\index.php')
CRITICAL - 2025-04-24 13:14:09 --> Error: Call to undefined method CodeIgniter\Database\MySQLi\Connection::config()
[Method: GET, Route: testDatabaseConnection]
in APPPATH\Controllers\Home.php on line 27.
 1 SYSTEMPATH\CodeIgniter.php(933): App\Controllers\Home->testDatabaseConnection()
 2 SYSTEMPATH\CodeIgniter.php(507): CodeIgniter\CodeIgniter->runController(Object(App\Controllers\Home))
 3 SYSTEMPATH\CodeIgniter.php(354): CodeIgniter\CodeIgniter->handleRequest(null, Object(Config\Cache), false)
 4 SYSTEMPATH\Boot.php(334): CodeIgniter\CodeIgniter->run()
 5 SYSTEMPATH\Boot.php(67): CodeIgniter\Boot::runCodeIgniter(Object(CodeIgniter\CodeIgniter))
 6 FCPATH\index.php(56): CodeIgniter\Boot::bootWeb(Object(Config\Paths))
 7 SYSTEMPATH\rewrite.php(44): require_once('C:\\xampp\\htdocs\\hotel\\ci4-hotel-bed\\bookingEngine\\public\\index.php')
CRITICAL - 2025-04-24 13:15:03 --> Error: Access to undeclared static property Config\Database::$default
[Method: GET, Route: testDatabaseConnection]
in APPPATH\Controllers\Home.php on line 28.
 1 SYSTEMPATH\CodeIgniter.php(933): App\Controllers\Home->testDatabaseConnection()
 2 SYSTEMPATH\CodeIgniter.php(507): CodeIgniter\CodeIgniter->runController(Object(App\Controllers\Home))
 3 SYSTEMPATH\CodeIgniter.php(354): CodeIgniter\CodeIgniter->handleRequest(null, Object(Config\Cache), false)
 4 SYSTEMPATH\Boot.php(334): CodeIgniter\CodeIgniter->run()
 5 SYSTEMPATH\Boot.php(67): CodeIgniter\Boot::runCodeIgniter(Object(CodeIgniter\CodeIgniter))
 6 FCPATH\index.php(56): CodeIgniter\Boot::bootWeb(Object(Config\Paths))
 7 SYSTEMPATH\rewrite.php(44): require_once('C:\\xampp\\htdocs\\hotel\\ci4-hotel-bed\\bookingEngine\\public\\index.php')
CRITICAL - 2025-04-24 13:15:05 --> Error: Access to undeclared static property Config\Database::$default
[Method: GET, Route: testDatabaseConnection]
in APPPATH\Controllers\Home.php on line 28.
 1 SYSTEMPATH\CodeIgniter.php(933): App\Controllers\Home->testDatabaseConnection()
 2 SYSTEMPATH\CodeIgniter.php(507): CodeIgniter\CodeIgniter->runController(Object(App\Controllers\Home))
 3 SYSTEMPATH\CodeIgniter.php(354): CodeIgniter\CodeIgniter->handleRequest(null, Object(Config\Cache), false)
 4 SYSTEMPATH\Boot.php(334): CodeIgniter\CodeIgniter->run()
 5 SYSTEMPATH\Boot.php(67): CodeIgniter\Boot::runCodeIgniter(Object(CodeIgniter\CodeIgniter))
 6 FCPATH\index.php(56): CodeIgniter\Boot::bootWeb(Object(Config\Paths))
 7 SYSTEMPATH\rewrite.php(44): require_once('C:\\xampp\\htdocs\\hotel\\ci4-hotel-bed\\bookingEngine\\public\\index.php')
ERROR - 2025-04-24 13:16:26 --> Error connecting to the database: mysqli_sql_exception: Access denied for user 'uo0mvam0hvptc'@'localhost' (using password: YES) in C:\xampp\htdocs\hotel\ci4-hotel-bed\bookingEngine\system\Database\MySQLi\Connection.php:201
Stack trace:
#0 C:\xampp\htdocs\hotel\ci4-hotel-bed\bookingEngine\system\Database\MySQLi\Connection.php(201): mysqli->real_connect('127.0.0.1', 'uo0mvam0hvptc', Object(SensitiveParameterValue), 'dbggmrhnzcmpzn', 3306, '', 0)
#1 C:\xampp\htdocs\hotel\ci4-hotel-bed\bookingEngine\system\Database\BaseConnection.php(421): CodeIgniter\Database\MySQLi\Connection->connect(false)
#2 C:\xampp\htdocs\hotel\ci4-hotel-bed\bookingEngine\system\Database\BaseConnection.php(620): CodeIgniter\Database\BaseConnection->initialize()
#3 C:\xampp\htdocs\hotel\ci4-hotel-bed\bookingEngine\app\Controllers\Home.php(25): CodeIgniter\Database\BaseConnection->query('SELECT 1')
#4 C:\xampp\htdocs\hotel\ci4-hotel-bed\bookingEngine\system\CodeIgniter.php(933): App\Controllers\Home->testDatabaseConnection()
#5 C:\xampp\htdocs\hotel\ci4-hotel-bed\bookingEngine\system\CodeIgniter.php(507): CodeIgniter\CodeIgniter->runController(Object(App\Controllers\Home))
#6 C:\xampp\htdocs\hotel\ci4-hotel-bed\bookingEngine\system\CodeIgniter.php(354): CodeIgniter\CodeIgniter->handleRequest(NULL, Object(Config\Cache), false)
#7 C:\xampp\htdocs\hotel\ci4-hotel-bed\bookingEngine\system\Boot.php(334): CodeIgniter\CodeIgniter->run()
#8 C:\xampp\htdocs\hotel\ci4-hotel-bed\bookingEngine\system\Boot.php(67): CodeIgniter\Boot::runCodeIgniter(Object(CodeIgniter\CodeIgniter))
#9 C:\xampp\htdocs\hotel\ci4-hotel-bed\bookingEngine\public\index.php(56): CodeIgniter\Boot::bootWeb(Object(Config\Paths))
#10 C:\xampp\htdocs\hotel\ci4-hotel-bed\bookingEngine\system\rewrite.php(44): require_once('C:\\xampp\\htdocs...')
#11 {main}

Next CodeIgniter\Database\Exceptions\DatabaseException: Access denied for user '****'@'localhost' (using password: YES) in C:\xampp\htdocs\hotel\ci4-hotel-bed\bookingEngine\system\Database\MySQLi\Connection.php:246
Stack trace:
#0 C:\xampp\htdocs\hotel\ci4-hotel-bed\bookingEngine\system\Database\BaseConnection.php(421): CodeIgniter\Database\MySQLi\Connection->connect(false)
#1 C:\xampp\htdocs\hotel\ci4-hotel-bed\bookingEngine\system\Database\BaseConnection.php(620): CodeIgniter\Database\BaseConnection->initialize()
#2 C:\xampp\htdocs\hotel\ci4-hotel-bed\bookingEngine\app\Controllers\Home.php(25): CodeIgniter\Database\BaseConnection->query('SELECT 1')
#3 C:\xampp\htdocs\hotel\ci4-hotel-bed\bookingEngine\system\CodeIgniter.php(933): App\Controllers\Home->testDatabaseConnection()
#4 C:\xampp\htdocs\hotel\ci4-hotel-bed\bookingEngine\system\CodeIgniter.php(507): CodeIgniter\CodeIgniter->runController(Object(App\Controllers\Home))
#5 C:\xampp\htdocs\hotel\ci4-hotel-bed\bookingEngine\system\CodeIgniter.php(354): CodeIgniter\CodeIgniter->handleRequest(NULL, Object(Config\Cache), false)
#6 C:\xampp\htdocs\hotel\ci4-hotel-bed\bookingEngine\system\Boot.php(334): CodeIgniter\CodeIgniter->run()
#7 C:\xampp\htdocs\hotel\ci4-hotel-bed\bookingEngine\system\Boot.php(67): CodeIgniter\Boot::runCodeIgniter(Object(CodeIgniter\CodeIgniter))
#8 C:\xampp\htdocs\hotel\ci4-hotel-bed\bookingEngine\public\index.php(56): CodeIgniter\Boot::bootWeb(Object(Config\Paths))
#9 C:\xampp\htdocs\hotel\ci4-hotel-bed\bookingEngine\system\rewrite.php(44): require_once('C:\\xampp\\htdocs...')
#10 {main}
CRITICAL - 2025-04-24 13:34:57 --> ErrorException: Trying to access array offset on value of type null
[Method: GET, Route: testDatabaseConnection]
in APPPATH\Controllers\Home.php on line 46.
 1 APPPATH\Controllers\Home.php(46): CodeIgniter\Debug\Exceptions->errorHandler(2, 'Trying to access array offset on value of type null', 'C:\\xampp\\htdocs\\hotel\\ci4-hotel-bed\\bookingEngine\\app\\Controllers\\Home.php', 46)
 2 SYSTEMPATH\CodeIgniter.php(933): App\Controllers\Home->testDatabaseConnection()
 3 SYSTEMPATH\CodeIgniter.php(507): CodeIgniter\CodeIgniter->runController(Object(App\Controllers\Home))
 4 SYSTEMPATH\CodeIgniter.php(354): CodeIgniter\CodeIgniter->handleRequest(null, Object(Config\Cache), false)
 5 SYSTEMPATH\Boot.php(334): CodeIgniter\CodeIgniter->run()
 6 SYSTEMPATH\Boot.php(67): CodeIgniter\Boot::runCodeIgniter(Object(CodeIgniter\CodeIgniter))
 7 FCPATH\index.php(56): CodeIgniter\Boot::bootWeb(Object(Config\Paths))
 8 SYSTEMPATH\rewrite.php(44): require_once('C:\\xampp\\htdocs\\hotel\\ci4-hotel-bed\\bookingEngine\\public\\index.php')
CRITICAL - 2025-04-24 13:44:42 --> CodeIgniter\View\Exceptions\ViewException: Invalid file: "register.php"
[Method: GET, Route: /]
in SYSTEMPATH\Exceptions\FrameworkException.php on line 39.
 1 SYSTEMPATH\View\View.php(212): CodeIgniter\Exceptions\FrameworkException::forInvalidFile('register.php')
 2 SYSTEMPATH\Common.php(1173): CodeIgniter\View\View->render('register', [], true)
 3 APPPATH\Libraries\Template.php(11): view('register', [...])
 4 APPPATH\Controllers\Home.php(35): App\Libraries\Template->render('register', [...])
 5 SYSTEMPATH\CodeIgniter.php(933): App\Controllers\Home->index()
 6 SYSTEMPATH\CodeIgniter.php(507): CodeIgniter\CodeIgniter->runController(Object(App\Controllers\Home))
 7 SYSTEMPATH\CodeIgniter.php(354): CodeIgniter\CodeIgniter->handleRequest(null, Object(Config\Cache), false)
 8 SYSTEMPATH\Boot.php(334): CodeIgniter\CodeIgniter->run()
 9 SYSTEMPATH\Boot.php(67): CodeIgniter\Boot::runCodeIgniter(Object(CodeIgniter\CodeIgniter))
10 FCPATH\index.php(56): CodeIgniter\Boot::bootWeb(Object(Config\Paths))
11 SYSTEMPATH\rewrite.php(44): require_once('C:\\xampp\\htdocs\\hotel\\ci4-hotel-bed\\bookingEngine\\public\\index.php')
