DEBUG - 2025-05-09 06:07:56 --> Session: Class initialized using 'CodeIgniter\Session\Handlers\FileHandler' driver.
DEBUG - 2025-05-09 06:08:00 --> Session: Class initialized using 'CodeIgniter\Session\Handlers\FileHandler' driver.
DEBUG - 2025-05-09 06:18:36 --> Session: Class initialized using 'CodeIgniter\Session\Handlers\FileHandler' driver.
CRITICAL - 2025-05-09 07:51:37 --> ErrorException: Undefined variable $countries
[Method: GET, Route: bundlesview]
in APPPATH\Views\bundles_list.php on line 49.
 1 APPPATH\Views\bundles_list.php(49): CodeIgniter\Debug\Exceptions->errorHandler(2, 'Undefined variable $countries', 'C:\\xampp\\htdocs\\esim\\app\\Views\\bundles_list.php', 49)
 2 SYSTEMPATH\View\View.php(224): include('C:\\xampp\\htdocs\\esim\\app\\Views\\bundles_list.php')
 3 SYSTEMPATH\View\View.php(227): CodeIgniter\View\View->CodeIgniter\View\{closure}()
 4 SYSTEMPATH\Common.php(1173): CodeIgniter\View\View->render('bundles_list', [], true)
 5 APPPATH\Controllers\Api\EsimController.php(190): view('bundles_list', [...])
 6 SYSTEMPATH\CodeIgniter.php(933): App\Controllers\Api\EsimController->showBundles()
 7 SYSTEMPATH\CodeIgniter.php(507): CodeIgniter\CodeIgniter->runController(Object(App\Controllers\Api\EsimController))
 8 SYSTEMPATH\CodeIgniter.php(354): CodeIgniter\CodeIgniter->handleRequest(null, Object(Config\Cache), false)
 9 SYSTEMPATH\Boot.php(334): CodeIgniter\CodeIgniter->run()
10 SYSTEMPATH\Boot.php(67): CodeIgniter\Boot::runCodeIgniter(Object(CodeIgniter\CodeIgniter))
11 FCPATH\index.php(56): CodeIgniter\Boot::bootWeb(Object(Config\Paths))
12 SYSTEMPATH\rewrite.php(44): require_once('C:\\xampp\\htdocs\\esim\\public\\index.php')
CRITICAL - 2025-05-09 07:56:51 --> ErrorException: Undefined variable $countryList
[Method: GET, Route: bundlesview]
in APPPATH\Views\bundles_list.php on line 49.
 1 APPPATH\Views\bundles_list.php(49): CodeIgniter\Debug\Exceptions->errorHandler(2, 'Undefined variable $countryList', 'C:\\xampp\\htdocs\\esim\\app\\Views\\bundles_list.php', 49)
 2 SYSTEMPATH\View\View.php(224): include('C:\\xampp\\htdocs\\esim\\app\\Views\\bundles_list.php')
 3 SYSTEMPATH\View\View.php(227): CodeIgniter\View\View->CodeIgniter\View\{closure}()
 4 SYSTEMPATH\Common.php(1173): CodeIgniter\View\View->render('bundles_list', [], true)
 5 APPPATH\Controllers\Api\EsimController.php(190): view('bundles_list', [...])
 6 SYSTEMPATH\CodeIgniter.php(933): App\Controllers\Api\EsimController->showBundles()
 7 SYSTEMPATH\CodeIgniter.php(507): CodeIgniter\CodeIgniter->runController(Object(App\Controllers\Api\EsimController))
 8 SYSTEMPATH\CodeIgniter.php(354): CodeIgniter\CodeIgniter->handleRequest(null, Object(Config\Cache), false)
 9 SYSTEMPATH\Boot.php(334): CodeIgniter\CodeIgniter->run()
10 SYSTEMPATH\Boot.php(67): CodeIgniter\Boot::runCodeIgniter(Object(CodeIgniter\CodeIgniter))
11 FCPATH\index.php(56): CodeIgniter\Boot::bootWeb(Object(Config\Paths))
12 SYSTEMPATH\rewrite.php(44): require_once('C:\\xampp\\htdocs\\esim\\public\\index.php')
CRITICAL - 2025-05-09 07:58:23 --> ErrorException: Undefined variable $countries
[Method: GET, Route: bundlesview]
in APPPATH\Views\bundles_list.php on line 28.
 1 APPPATH\Views\bundles_list.php(28): CodeIgniter\Debug\Exceptions->errorHandler(2, 'Undefined variable $countries', 'C:\\xampp\\htdocs\\esim\\app\\Views\\bundles_list.php', 28)
 2 SYSTEMPATH\View\View.php(224): include('C:\\xampp\\htdocs\\esim\\app\\Views\\bundles_list.php')
 3 SYSTEMPATH\View\View.php(227): CodeIgniter\View\View->CodeIgniter\View\{closure}()
 4 SYSTEMPATH\Common.php(1173): CodeIgniter\View\View->render('bundles_list', [], true)
 5 APPPATH\Controllers\Api\EsimController.php(191): view('bundles_list', [...])
 6 SYSTEMPATH\CodeIgniter.php(933): App\Controllers\Api\EsimController->showBundles()
 7 SYSTEMPATH\CodeIgniter.php(507): CodeIgniter\CodeIgniter->runController(Object(App\Controllers\Api\EsimController))
 8 SYSTEMPATH\CodeIgniter.php(354): CodeIgniter\CodeIgniter->handleRequest(null, Object(Config\Cache), false)
 9 SYSTEMPATH\Boot.php(334): CodeIgniter\CodeIgniter->run()
10 SYSTEMPATH\Boot.php(67): CodeIgniter\Boot::runCodeIgniter(Object(CodeIgniter\CodeIgniter))
11 FCPATH\index.php(56): CodeIgniter\Boot::bootWeb(Object(Config\Paths))
12 SYSTEMPATH\rewrite.php(44): require_once('C:\\xampp\\htdocs\\esim\\public\\index.php')
CRITICAL - 2025-05-09 07:58:50 --> ErrorException: Undefined variable $countries
[Method: GET, Route: bundlesview]
in APPPATH\Views\bundles_list.php on line 28.
 1 APPPATH\Views\bundles_list.php(28): CodeIgniter\Debug\Exceptions->errorHandler(2, 'Undefined variable $countries', 'C:\\xampp\\htdocs\\esim\\app\\Views\\bundles_list.php', 28)
 2 SYSTEMPATH\View\View.php(224): include('C:\\xampp\\htdocs\\esim\\app\\Views\\bundles_list.php')
 3 SYSTEMPATH\View\View.php(227): CodeIgniter\View\View->CodeIgniter\View\{closure}()
 4 SYSTEMPATH\Common.php(1173): CodeIgniter\View\View->render('bundles_list', [], true)
 5 APPPATH\Controllers\Api\EsimController.php(191): view('bundles_list', [...])
 6 SYSTEMPATH\CodeIgniter.php(933): App\Controllers\Api\EsimController->showBundles()
 7 SYSTEMPATH\CodeIgniter.php(507): CodeIgniter\CodeIgniter->runController(Object(App\Controllers\Api\EsimController))
 8 SYSTEMPATH\CodeIgniter.php(354): CodeIgniter\CodeIgniter->handleRequest(null, Object(Config\Cache), false)
 9 SYSTEMPATH\Boot.php(334): CodeIgniter\CodeIgniter->run()
10 SYSTEMPATH\Boot.php(67): CodeIgniter\Boot::runCodeIgniter(Object(CodeIgniter\CodeIgniter))
11 FCPATH\index.php(56): CodeIgniter\Boot::bootWeb(Object(Config\Paths))
12 SYSTEMPATH\rewrite.php(44): require_once('C:\\xampp\\htdocs\\esim\\public\\index.php')
CRITICAL - 2025-05-09 07:58:59 --> ErrorException: Undefined variable $countries
[Method: GET, Route: bundlesview]
in APPPATH\Views\bundles_list.php on line 28.
 1 APPPATH\Views\bundles_list.php(28): CodeIgniter\Debug\Exceptions->errorHandler(2, 'Undefined variable $countries', 'C:\\xampp\\htdocs\\esim\\app\\Views\\bundles_list.php', 28)
 2 SYSTEMPATH\View\View.php(224): include('C:\\xampp\\htdocs\\esim\\app\\Views\\bundles_list.php')
 3 SYSTEMPATH\View\View.php(227): CodeIgniter\View\View->CodeIgniter\View\{closure}()
 4 SYSTEMPATH\Common.php(1173): CodeIgniter\View\View->render('bundles_list', [], true)
 5 APPPATH\Controllers\Api\EsimController.php(191): view('bundles_list', [...])
 6 SYSTEMPATH\CodeIgniter.php(933): App\Controllers\Api\EsimController->showBundles()
 7 SYSTEMPATH\CodeIgniter.php(507): CodeIgniter\CodeIgniter->runController(Object(App\Controllers\Api\EsimController))
 8 SYSTEMPATH\CodeIgniter.php(354): CodeIgniter\CodeIgniter->handleRequest(null, Object(Config\Cache), false)
 9 SYSTEMPATH\Boot.php(334): CodeIgniter\CodeIgniter->run()
10 SYSTEMPATH\Boot.php(67): CodeIgniter\Boot::runCodeIgniter(Object(CodeIgniter\CodeIgniter))
11 FCPATH\index.php(56): CodeIgniter\Boot::bootWeb(Object(Config\Paths))
12 SYSTEMPATH\rewrite.php(44): require_once('C:\\xampp\\htdocs\\esim\\public\\index.php')
CRITICAL - 2025-05-09 08:00:44 --> ErrorException: Undefined variable $countries
[Method: GET, Route: bundlesview]
in APPPATH\Views\bundles_list.php on line 28.
 1 APPPATH\Views\bundles_list.php(28): CodeIgniter\Debug\Exceptions->errorHandler(2, 'Undefined variable $countries', 'C:\\xampp\\htdocs\\esim\\app\\Views\\bundles_list.php', 28)
 2 SYSTEMPATH\View\View.php(224): include('C:\\xampp\\htdocs\\esim\\app\\Views\\bundles_list.php')
 3 SYSTEMPATH\View\View.php(227): CodeIgniter\View\View->CodeIgniter\View\{closure}()
 4 SYSTEMPATH\Common.php(1173): CodeIgniter\View\View->render('bundles_list', [], true)
 5 APPPATH\Controllers\Api\EsimController.php(168): view('bundles_list', [...])
 6 SYSTEMPATH\CodeIgniter.php(933): App\Controllers\Api\EsimController->showBundles()
 7 SYSTEMPATH\CodeIgniter.php(507): CodeIgniter\CodeIgniter->runController(Object(App\Controllers\Api\EsimController))
 8 SYSTEMPATH\CodeIgniter.php(354): CodeIgniter\CodeIgniter->handleRequest(null, Object(Config\Cache), false)
 9 SYSTEMPATH\Boot.php(334): CodeIgniter\CodeIgniter->run()
10 SYSTEMPATH\Boot.php(67): CodeIgniter\Boot::runCodeIgniter(Object(CodeIgniter\CodeIgniter))
11 FCPATH\index.php(56): CodeIgniter\Boot::bootWeb(Object(Config\Paths))
12 SYSTEMPATH\rewrite.php(44): require_once('C:\\xampp\\htdocs\\esim\\public\\index.php')
CRITICAL - 2025-05-09 08:00:48 --> ErrorException: Undefined variable $countries
[Method: GET, Route: bundlesview]
in APPPATH\Views\bundles_list.php on line 28.
 1 APPPATH\Views\bundles_list.php(28): CodeIgniter\Debug\Exceptions->errorHandler(2, 'Undefined variable $countries', 'C:\\xampp\\htdocs\\esim\\app\\Views\\bundles_list.php', 28)
 2 SYSTEMPATH\View\View.php(224): include('C:\\xampp\\htdocs\\esim\\app\\Views\\bundles_list.php')
 3 SYSTEMPATH\View\View.php(227): CodeIgniter\View\View->CodeIgniter\View\{closure}()
 4 SYSTEMPATH\Common.php(1173): CodeIgniter\View\View->render('bundles_list', [], true)
 5 APPPATH\Controllers\Api\EsimController.php(168): view('bundles_list', [...])
 6 SYSTEMPATH\CodeIgniter.php(933): App\Controllers\Api\EsimController->showBundles()
 7 SYSTEMPATH\CodeIgniter.php(507): CodeIgniter\CodeIgniter->runController(Object(App\Controllers\Api\EsimController))
 8 SYSTEMPATH\CodeIgniter.php(354): CodeIgniter\CodeIgniter->handleRequest(null, Object(Config\Cache), false)
 9 SYSTEMPATH\Boot.php(334): CodeIgniter\CodeIgniter->run()
10 SYSTEMPATH\Boot.php(67): CodeIgniter\Boot::runCodeIgniter(Object(CodeIgniter\CodeIgniter))
11 FCPATH\index.php(56): CodeIgniter\Boot::bootWeb(Object(Config\Paths))
12 SYSTEMPATH\rewrite.php(44): require_once('C:\\xampp\\htdocs\\esim\\public\\index.php')
ERROR - 2025-05-09 13:16:13 --> Country code lookup failed: 22 : The requested URL returned error: 404
ERROR - 2025-05-09 13:16:34 --> Country code lookup failed: 22 : The requested URL returned error: 404
ERROR - 2025-05-09 13:16:46 --> Country code lookup failed: 22 : The requested URL returned error: 404
ERROR - 2025-05-09 13:17:08 --> Country code lookup failed: 22 : The requested URL returned error: 404
ERROR - 2025-05-09 13:17:20 --> Country code lookup failed: 22 : The requested URL returned error: 404
ERROR - 2025-05-09 13:17:26 --> Country code lookup failed: 22 : The requested URL returned error: 404
